[0.590s] Invoking command in '/home/pranav/turtle_catcher/src/turtle_catcher': PYTHONPATH=/home/pranav/turtle_catcher/build/turtle_catcher/prefix_override:/usr/lib/python3/dist-packages/colcon_core/task/python/colcon_distutils_commands:/home/pranav/turtle_catcher/install/turtle_catcher/lib/python3.10/site-packages:${PYTHONPATH} /usr/bin/python3 -W ignore:setup.py install is deprecated setup.py egg_info --egg-base ../../build/turtle_catcher build --build-base /home/pranav/turtle_catcher/build/turtle_catcher/build install --record /home/pranav/turtle_catcher/build/turtle_catcher/install.log --single-version-externally-managed install_data
[0.811s] running egg_info
[0.812s] writing ../../build/turtle_catcher/turtle_catcher.egg-info/PKG-INFO
[0.812s] writing dependency_links to ../../build/turtle_catcher/turtle_catcher.egg-info/dependency_links.txt
[0.813s] writing entry points to ../../build/turtle_catcher/turtle_catcher.egg-info/entry_points.txt
[0.814s] writing requirements to ../../build/turtle_catcher/turtle_catcher.egg-info/requires.txt
[0.815s] writing top-level names to ../../build/turtle_catcher/turtle_catcher.egg-info/top_level.txt
[0.816s] reading manifest file '../../build/turtle_catcher/turtle_catcher.egg-info/SOURCES.txt'
[0.817s] writing manifest file '../../build/turtle_catcher/turtle_catcher.egg-info/SOURCES.txt'
[0.818s] running build
[0.818s] running build_py
[0.819s] copying turtle_catcher/turtle_spawner.py -> /home/pranav/turtle_catcher/build/turtle_catcher/build/lib/turtle_catcher
[0.819s] running install
[0.820s] running install_lib
[0.821s] copying /home/pranav/turtle_catcher/build/turtle_catcher/build/lib/turtle_catcher/turtle_spawner.py -> /home/pranav/turtle_catcher/install/turtle_catcher/lib/python3.10/site-packages/turtle_catcher
[0.822s] byte-compiling /home/pranav/turtle_catcher/install/turtle_catcher/lib/python3.10/site-packages/turtle_catcher/turtle_spawner.py to turtle_spawner.cpython-310.pyc
[0.824s] running install_data
[0.824s] running install_egg_info
[0.826s] removing '/home/pranav/turtle_catcher/install/turtle_catcher/lib/python3.10/site-packages/turtle_catcher-0.0.0-py3.10.egg-info' (and everything under it)
[0.829s] Copying ../../build/turtle_catcher/turtle_catcher.egg-info to /home/pranav/turtle_catcher/install/turtle_catcher/lib/python3.10/site-packages/turtle_catcher-0.0.0-py3.10.egg-info
[0.832s] running install_scripts
[0.848s] Installing turtle_catcher=turtle_catcher.turtle_catcher:mainturtle_spawner script to /home/pranav/turtle_catcher/install/turtle_catcher/lib/turtle_catcher
[0.849s] writing list of installed files to '/home/pranav/turtle_catcher/build/turtle_catcher/install.log'
[0.871s] Invoked command in '/home/pranav/turtle_catcher/src/turtle_catcher' returned '0': PYTHONPATH=/home/pranav/turtle_catcher/build/turtle_catcher/prefix_override:/usr/lib/python3/dist-packages/colcon_core/task/python/colcon_distutils_commands:/home/pranav/turtle_catcher/install/turtle_catcher/lib/python3.10/site-packages:${PYTHONPATH} /usr/bin/python3 -W ignore:setup.py install is deprecated setup.py egg_info --egg-base ../../build/turtle_catcher build --build-base /home/pranav/turtle_catcher/build/turtle_catcher/build install --record /home/pranav/turtle_catcher/build/turtle_catcher/install.log --single-version-externally-managed install_data
