running develop
Removing /home/pranav/turtle_catcher/install/turtle_catcher/lib/python3.10/site-packages/turtle-catcher.egg-link (link to .)
running egg_info
writing ../../build/turtle_catcher/turtle_catcher.egg-info/PKG-INFO
writing dependency_links to ../../build/turtle_catcher/turtle_catcher.egg-info/dependency_links.txt
writing entry points to ../../build/turtle_catcher/turtle_catcher.egg-info/entry_points.txt
writing requirements to ../../build/turtle_catcher/turtle_catcher.egg-info/requires.txt
writing top-level names to ../../build/turtle_catcher/turtle_catcher.egg-info/top_level.txt
reading manifest file '../../build/turtle_catcher/turtle_catcher.egg-info/SOURCES.txt'
writing manifest file '../../build/turtle_catcher/turtle_catcher.egg-info/SOURCES.txt'
running build
running build_py
creating /home/pranav/turtle_catcher/build/turtle_catcher/build
creating /home/pranav/turtle_catcher/build/turtle_catcher/build/lib
creating /home/pranav/turtle_catcher/build/turtle_catcher/build/lib/turtle_catcher
copying turtle_catcher/turtle_catcher.py -> /home/pranav/turtle_catcher/build/turtle_catcher/build/lib/turtle_catcher
copying turtle_catcher/__init__.py -> /home/pranav/turtle_catcher/build/turtle_catcher/build/lib/turtle_catcher
running install
running install_lib
creating /home/pranav/turtle_catcher/install/turtle_catcher/lib/python3.10/site-packages/turtle_catcher
copying /home/pranav/turtle_catcher/build/turtle_catcher/build/lib/turtle_catcher/turtle_catcher.py -> /home/pranav/turtle_catcher/install/turtle_catcher/lib/python3.10/site-packages/turtle_catcher
copying /home/pranav/turtle_catcher/build/turtle_catcher/build/lib/turtle_catcher/__init__.py -> /home/pranav/turtle_catcher/install/turtle_catcher/lib/python3.10/site-packages/turtle_catcher
byte-compiling /home/pranav/turtle_catcher/install/turtle_catcher/lib/python3.10/site-packages/turtle_catcher/turtle_catcher.py to turtle_catcher.cpython-310.pyc
byte-compiling /home/pranav/turtle_catcher/install/turtle_catcher/lib/python3.10/site-packages/turtle_catcher/__init__.py to __init__.cpython-310.pyc
running install_data
copying resource/turtle_catcher -> /home/pranav/turtle_catcher/install/turtle_catcher/share/ament_index/resource_index/packages
copying package.xml -> /home/pranav/turtle_catcher/install/turtle_catcher/share/turtle_catcher
running install_egg_info
Copying ../../build/turtle_catcher/turtle_catcher.egg-info to /home/pranav/turtle_catcher/install/turtle_catcher/lib/python3.10/site-packages/turtle_catcher-0.0.0-py3.10.egg-info
running install_scripts
Installing turtle_catcher script to /home/pranav/turtle_catcher/install/turtle_catcher/lib/turtle_catcher
writing list of installed files to '/home/pranav/turtle_catcher/build/turtle_catcher/install.log'
