[0.152s] DEBUG:colcon:Command line arguments: ['/usr/bin/colcon', 'list', '-p', '--base-paths', '/home/pranav/turtle_catcher']
[0.152s] DEBUG:colcon:Parsed command line arguments: Namespace(log_base=None, log_level=None, verb_name='list', build_base='build', ignore_user_meta=False, metas=['./colcon.meta'], base_paths=['/home/pranav/turtle_catcher'], packages_ignore=None, packages_ignore_regex=None, paths=None, packages_up_to=None, packages_up_to_regex=None, packages_above=None, packages_above_and_dependencies=None, packages_above_depth=None, packages_select_by_dep=None, packages_skip_by_dep=None, packages_skip_up_to=None, packages_select_build_failed=False, packages_skip_build_finished=False, packages_select_test_failures=False, packages_skip_test_passed=False, packages_select=None, packages_skip=None, packages_select_regex=None, packages_skip_regex=None, packages_start=None, packages_end=None, allow_overriding=[], topological_order=False, names_only=False, paths_only=True, topological_graph=False, topological_graph_dot=False, topological_graph_density=False, topological_graph_legend=False, topological_graph_dot_cluster=False, topological_graph_dot_include_skipped=False, mixin_files=None, mixin=None, verb_parser=<colcon_mixin.mixin.mixin_argument.MixinArgumentDecorator object at 0x7789484ff520>, verb_extension=<colcon_package_information.verb.list.ListVerb object at 0x7789484fe110>, main=<bound method ListVerb.main of <colcon_package_information.verb.list.ListVerb object at 0x7789484fe110>>, mixin_verb=('list',))
[0.391s] Level 1:colcon.colcon_core.package_discovery:discover_packages(colcon_meta) check parameters
[0.391s] Level 1:colcon.colcon_core.package_discovery:discover_packages(recursive) check parameters
[0.391s] Level 1:colcon.colcon_core.package_discovery:discover_packages(ignore) check parameters
[0.391s] Level 1:colcon.colcon_core.package_discovery:discover_packages(path) check parameters
[0.391s] Level 1:colcon.colcon_core.package_discovery:discover_packages(recursive) discover
[0.391s] INFO:colcon.colcon_core.package_discovery:Crawling recursively for packages in '/home/pranav/turtle_catcher'
[0.392s] Level 1:colcon.colcon_core.package_identification:_identify(/home/pranav/turtle_catcher) by extensions ['ignore', 'ignore_ament_install']
[0.392s] Level 1:colcon.colcon_core.package_identification:_identify(/home/pranav/turtle_catcher) by extension 'ignore'
[0.392s] Level 1:colcon.colcon_core.package_identification:_identify(/home/pranav/turtle_catcher) by extension 'ignore_ament_install'
[0.392s] Level 1:colcon.colcon_core.package_identification:_identify(/home/pranav/turtle_catcher) by extensions ['colcon_pkg']
[0.392s] Level 1:colcon.colcon_core.package_identification:_identify(/home/pranav/turtle_catcher) by extension 'colcon_pkg'
[0.392s] Level 1:colcon.colcon_core.package_identification:_identify(/home/pranav/turtle_catcher) by extensions ['colcon_meta']
[0.392s] Level 1:colcon.colcon_core.package_identification:_identify(/home/pranav/turtle_catcher) by extension 'colcon_meta'
[0.392s] Level 1:colcon.colcon_core.package_identification:_identify(/home/pranav/turtle_catcher) by extensions ['ros']
[0.392s] Level 1:colcon.colcon_core.package_identification:_identify(/home/pranav/turtle_catcher) by extension 'ros'
[0.408s] Level 1:colcon.colcon_core.package_identification:_identify(/home/pranav/turtle_catcher) by extensions ['cmake', 'python']
[0.408s] Level 1:colcon.colcon_core.package_identification:_identify(/home/pranav/turtle_catcher) by extension 'cmake'
[0.408s] Level 1:colcon.colcon_core.package_identification:_identify(/home/pranav/turtle_catcher) by extension 'python'
[0.408s] Level 1:colcon.colcon_core.package_identification:_identify(/home/pranav/turtle_catcher) by extensions ['python_setup_py']
[0.408s] Level 1:colcon.colcon_core.package_identification:_identify(/home/pranav/turtle_catcher) by extension 'python_setup_py'
[0.408s] Level 1:colcon.colcon_core.package_identification:_identify(/home/pranav/turtle_catcher/build) by extensions ['ignore', 'ignore_ament_install']
[0.409s] Level 1:colcon.colcon_core.package_identification:_identify(/home/pranav/turtle_catcher/build) by extension 'ignore'
[0.409s] Level 1:colcon.colcon_core.package_identification:_identify(/home/pranav/turtle_catcher/build) ignored
[0.409s] Level 1:colcon.colcon_core.package_identification:_identify(/home/pranav/turtle_catcher/install) by extensions ['ignore', 'ignore_ament_install']
[0.409s] Level 1:colcon.colcon_core.package_identification:_identify(/home/pranav/turtle_catcher/install) by extension 'ignore'
[0.409s] Level 1:colcon.colcon_core.package_identification:_identify(/home/pranav/turtle_catcher/install) ignored
[0.409s] Level 1:colcon.colcon_core.package_identification:_identify(/home/pranav/turtle_catcher/log) by extensions ['ignore', 'ignore_ament_install']
[0.409s] Level 1:colcon.colcon_core.package_identification:_identify(/home/pranav/turtle_catcher/log) by extension 'ignore'
[0.409s] Level 1:colcon.colcon_core.package_identification:_identify(/home/pranav/turtle_catcher/log) ignored
[0.410s] Level 1:colcon.colcon_core.package_identification:_identify(/home/pranav/turtle_catcher/src) by extensions ['ignore', 'ignore_ament_install']
[0.410s] Level 1:colcon.colcon_core.package_identification:_identify(/home/pranav/turtle_catcher/src) by extension 'ignore'
[0.410s] Level 1:colcon.colcon_core.package_identification:_identify(/home/pranav/turtle_catcher/src) by extension 'ignore_ament_install'
[0.410s] Level 1:colcon.colcon_core.package_identification:_identify(/home/pranav/turtle_catcher/src) by extensions ['colcon_pkg']
[0.410s] Level 1:colcon.colcon_core.package_identification:_identify(/home/pranav/turtle_catcher/src) by extension 'colcon_pkg'
[0.410s] Level 1:colcon.colcon_core.package_identification:_identify(/home/pranav/turtle_catcher/src) by extensions ['colcon_meta']
[0.410s] Level 1:colcon.colcon_core.package_identification:_identify(/home/pranav/turtle_catcher/src) by extension 'colcon_meta'
[0.410s] Level 1:colcon.colcon_core.package_identification:_identify(/home/pranav/turtle_catcher/src) by extensions ['ros']
[0.410s] Level 1:colcon.colcon_core.package_identification:_identify(/home/pranav/turtle_catcher/src) by extension 'ros'
[0.410s] Level 1:colcon.colcon_core.package_identification:_identify(/home/pranav/turtle_catcher/src) by extensions ['cmake', 'python']
[0.410s] Level 1:colcon.colcon_core.package_identification:_identify(/home/pranav/turtle_catcher/src) by extension 'cmake'
[0.410s] Level 1:colcon.colcon_core.package_identification:_identify(/home/pranav/turtle_catcher/src) by extension 'python'
[0.411s] Level 1:colcon.colcon_core.package_identification:_identify(/home/pranav/turtle_catcher/src) by extensions ['python_setup_py']
[0.411s] Level 1:colcon.colcon_core.package_identification:_identify(/home/pranav/turtle_catcher/src) by extension 'python_setup_py'
[0.411s] Level 1:colcon.colcon_core.package_identification:_identify(/home/pranav/turtle_catcher/src/turtle_catcher) by extensions ['ignore', 'ignore_ament_install']
[0.411s] Level 1:colcon.colcon_core.package_identification:_identify(/home/pranav/turtle_catcher/src/turtle_catcher) by extension 'ignore'
[0.411s] Level 1:colcon.colcon_core.package_identification:_identify(/home/pranav/turtle_catcher/src/turtle_catcher) by extension 'ignore_ament_install'
[0.411s] Level 1:colcon.colcon_core.package_identification:_identify(/home/pranav/turtle_catcher/src/turtle_catcher) by extensions ['colcon_pkg']
[0.411s] Level 1:colcon.colcon_core.package_identification:_identify(/home/pranav/turtle_catcher/src/turtle_catcher) by extension 'colcon_pkg'
[0.411s] Level 1:colcon.colcon_core.package_identification:_identify(/home/pranav/turtle_catcher/src/turtle_catcher) by extensions ['colcon_meta']
[0.411s] Level 1:colcon.colcon_core.package_identification:_identify(/home/pranav/turtle_catcher/src/turtle_catcher) by extension 'colcon_meta'
[0.411s] Level 1:colcon.colcon_core.package_identification:_identify(/home/pranav/turtle_catcher/src/turtle_catcher) by extensions ['ros']
[0.411s] Level 1:colcon.colcon_core.package_identification:_identify(/home/pranav/turtle_catcher/src/turtle_catcher) by extension 'ros'
[0.414s] DEBUG:colcon.colcon_core.package_identification:Package '/home/pranav/turtle_catcher/src/turtle_catcher' with type 'ros.ament_python' and name 'turtle_catcher'
[0.414s] Level 1:colcon.colcon_core.package_discovery:discover_packages(recursive) using defaults
