[0.019s] Invoking command in '/home/pranav/turtle_catcher/build/my_robot_interfaces': CMAKE_PREFIX_PATH=${CMAKE_PREFIX_PATH}:/home/pranav/turtle_catcher/install/turtle_catcher:/home/pranav/ws/install/mypkg:/home/pranav/learning_ws/install/mypkg:/opt/ros/humble /usr/bin/cmake /home/pranav/turtle_catcher/src/my_robot_interfaces -DCMAKE_INSTALL_PREFIX=/home/pranav/turtle_catcher/install/my_robot_interfaces
[0.104s] -- The C compiler identification is GNU 11.4.0
[0.176s] -- The CXX compiler identification is GNU 11.4.0
[0.187s] -- Detecting C compiler ABI info
[0.288s] -- Detecting C compiler ABI info - done
[0.295s] -- Check for working C compiler: /usr/bin/cc - skipped
[0.295s] -- Detecting C compile features
[0.296s] -- Detecting C compile features - done
[0.300s] -- Detecting CXX compiler ABI info
[0.406s] -- Detecting CXX compiler ABI info - done
[0.414s] -- Check for working CXX compiler: /usr/bin/c++ - skipped
[0.414s] -- Detecting CXX compile features
[0.415s] -- Detecting CXX compile features - done
[0.418s] -- Found ament_cmake: 1.3.9 (/opt/ros/humble/share/ament_cmake/cmake)
[0.610s] -- Found Python3: /usr/bin/python3 (found version "3.10.12") found components: Interpreter 
[0.715s] -- Found rosidl_default_generators: 1.2.0 (/opt/ros/humble/share/rosidl_default_generators/cmake)
[0.721s] -- Using all available rosidl_typesupport_c: rosidl_typesupport_fastrtps_c;rosidl_typesupport_introspection_c
[0.732s] -- Found rosidl_adapter: 3.1.5 (/opt/ros/humble/share/rosidl_adapter/cmake)
[0.778s] -- Using all available rosidl_typesupport_cpp: rosidl_typesupport_fastrtps_cpp;rosidl_typesupport_introspection_cpp
[1.011s] [31mCMake Error at /opt/ros/humble/share/rosidl_adapter/cmake/rosidl_adapt_interfaces.cmake:59 (message):
[1.011s]   execute_process(/usr/bin/python3 -m rosidl_adapter --package-name
[1.012s]   my_robot_interfaces --arguments-file
[1.012s]   /home/pranav/turtle_catcher/build/my_robot_interfaces/rosidl_adapter__arguments__my_robot_interfaces.json
[1.012s]   --output-dir
[1.012s]   /home/pranav/turtle_catcher/build/my_robot_interfaces/rosidl_adapter/my_robot_interfaces
[1.012s]   --output-file
[1.012s]   /home/pranav/turtle_catcher/build/my_robot_interfaces/rosidl_adapter/my_robot_interfaces.idls)
[1.012s]   returned error code 1:
[1.012s] 
[1.012s]   Traceback (most recent call last):
[1.012s] 
[1.012s]     File "/usr/lib/python3.10/runpy.py", line 196, in _run_module_as_main
[1.012s]       return _run_code(code, main_globals, None,
[1.012s]     File "/usr/lib/python3.10/runpy.py", line 86, in _run_code
[1.012s]       exec(code, run_globals)
[1.012s]     File "/opt/ros/humble/local/lib/python3.10/dist-packages/rosidl_adapter/__main__.py", line 19, in <module>
[1.013s]       sys.exit(main())
[1.013s]     File "/opt/ros/humble/local/lib/python3.10/dist-packages/rosidl_adapter/main.py", line 53, in main
[1.013s]       abs_idl_file = convert_to_idl(
[1.013s]     File "/opt/ros/humble/local/lib/python3.10/dist-packages/rosidl_adapter/__init__.py", line 19, in convert_to_idl
[1.013s]       return convert_msg_to_idl(
[1.013s]     File "/opt/ros/humble/local/lib/python3.10/dist-packages/rosidl_adapter/msg/__init__.py", line 28, in convert_msg_to_idl
[1.013s]       msg = parse_message_string(package_name, input_file.stem, content)
[1.013s]     File "/opt/ros/humble/local/lib/python3.10/dist-packages/rosidl_adapter/parser.py", line 544, in parse_message_string
[1.013s]       msg = MessageSpecification(pkg_name, msg_name, fields, constants)
[1.013s]     File "/opt/ros/humble/local/lib/python3.10/dist-packages/rosidl_adapter/parser.py", line 388, in __init__
[1.013s]       self.base_type = BaseType(
[1.013s]     File "/opt/ros/humble/local/lib/python3.10/dist-packages/rosidl_adapter/parser.py", line 205, in __init__
[1.013s]       raise InvalidResourceName(
[1.013s] 
[1.013s]   rosidl_adapter.parser.InvalidResourceName: 'turtle' is an invalid message
[1.013s]   name.  It should have the pattern '^[A-Z][A-Za-z0-9]*$'
[1.013s] 
[1.013s] Call Stack (most recent call first):
[1.013s]   /opt/ros/humble/share/rosidl_cmake/cmake/rosidl_generate_interfaces.cmake:130 (rosidl_adapt_interfaces)
[1.013s]   CMakeLists.txt:17 (rosidl_generate_interfaces)
[1.014s] 
[1.014s] [0m
[1.014s] -- Configuring incomplete, errors occurred!
[1.014s] See also "/home/pranav/turtle_catcher/build/my_robot_interfaces/CMakeFiles/CMakeOutput.log".
[1.035s] Invoked command in '/home/pranav/turtle_catcher/build/my_robot_interfaces' returned '1': CMAKE_PREFIX_PATH=${CMAKE_PREFIX_PATH}:/home/pranav/turtle_catcher/install/turtle_catcher:/home/pranav/ws/install/mypkg:/home/pranav/learning_ws/install/mypkg:/opt/ros/humble /usr/bin/cmake /home/pranav/turtle_catcher/src/my_robot_interfaces -DCMAKE_INSTALL_PREFIX=/home/pranav/turtle_catcher/install/my_robot_interfaces
