[0.017s] Invoking command in '/home/pranav/turtle_catcher/build/my_robot_interfaces': CMAKE_PREFIX_PATH=${CMAKE_PREFIX_PATH}:/home/pranav/turtle_catcher/install/turtle_catcher:/home/pranav/ws/install/mypkg:/home/pranav/learning_ws/install/mypkg:/opt/ros/humble /usr/bin/cmake --build /home/pranav/turtle_catcher/build/my_robot_interfaces -- -j4 -l4
[0.077s] [35m[1mConsolidate compiler generated dependencies of target my_robot_interfaces__rosidl_generator_c[0m
[0.093s] [  2%] Built target my_robot_interfaces__cpp
[0.096s] [ 12%] Built target my_robot_interfaces__rosidl_generator_c
[0.111s] [ 12%] Built target ament_cmake_python_copy_my_robot_interfaces
[0.113s] [35m[1mConsolidate compiler generated dependencies of target my_robot_interfaces__rosidl_typesupport_fastrtps_cpp[0m
[0.114s] [35m[1mConsolidate compiler generated dependencies of target my_robot_interfaces__rosidl_typesupport_cpp[0m
[0.116s] [35m[1mConsolidate compiler generated dependencies of target my_robot_interfaces__rosidl_typesupport_introspection_cpp[0m
[0.132s] [35m[1mConsolidate compiler generated dependencies of target my_robot_interfaces__rosidl_typesupport_fastrtps_c[0m
[0.145s] [ 23%] Built target my_robot_interfaces__rosidl_typesupport_cpp
[0.156s] [ 33%] Built target my_robot_interfaces__rosidl_typesupport_fastrtps_cpp
[0.156s] [ 43%] Built target my_robot_interfaces__rosidl_typesupport_introspection_cpp
[0.169s] [ 53%] Built target my_robot_interfaces__rosidl_typesupport_fastrtps_c
[0.171s] [35m[1mConsolidate compiler generated dependencies of target my_robot_interfaces__rosidl_typesupport_introspection_c[0m
[0.184s] [35m[1mConsolidate compiler generated dependencies of target my_robot_interfaces__rosidl_typesupport_c[0m
[0.193s] [ 64%] Built target my_robot_interfaces__rosidl_typesupport_introspection_c
[0.204s] [ 74%] Built target my_robot_interfaces__rosidl_typesupport_c
[0.239s] [ 74%] Built target my_robot_interfaces
[0.286s] [ 76%] Built target my_robot_interfaces__py
[0.302s] [35m[1mConsolidate compiler generated dependencies of target my_robot_interfaces__rosidl_generator_py[0m
[0.325s] [ 84%] Built target my_robot_interfaces__rosidl_generator_py
[0.344s] [35m[1mConsolidate compiler generated dependencies of target my_robot_interfaces__rosidl_typesupport_fastrtps_c__pyext[0m
[0.345s] [35m[1mConsolidate compiler generated dependencies of target my_robot_interfaces__rosidl_typesupport_c__pyext[0m
[0.345s] [35m[1mConsolidate compiler generated dependencies of target my_robot_interfaces__rosidl_typesupport_introspection_c__pyext[0m
[0.378s] [ 89%] Built target my_robot_interfaces__rosidl_typesupport_fastrtps_c__pyext
[0.382s] [ 94%] Built target my_robot_interfaces__rosidl_typesupport_introspection_c__pyext
[0.389s] [100%] Built target my_robot_interfaces__rosidl_typesupport_c__pyext
[0.500s] running egg_info
[0.500s] writing my_robot_interfaces.egg-info/PKG-INFO
[0.501s] writing dependency_links to my_robot_interfaces.egg-info/dependency_links.txt
[0.501s] writing top-level names to my_robot_interfaces.egg-info/top_level.txt
[0.504s] reading manifest file 'my_robot_interfaces.egg-info/SOURCES.txt'
[0.504s] writing manifest file 'my_robot_interfaces.egg-info/SOURCES.txt'
[0.536s] [100%] Built target ament_cmake_python_build_my_robot_interfaces_egg
[0.557s] Invoked command in '/home/pranav/turtle_catcher/build/my_robot_interfaces' returned '0': CMAKE_PREFIX_PATH=${CMAKE_PREFIX_PATH}:/home/pranav/turtle_catcher/install/turtle_catcher:/home/pranav/ws/install/mypkg:/home/pranav/learning_ws/install/mypkg:/opt/ros/humble /usr/bin/cmake --build /home/pranav/turtle_catcher/build/my_robot_interfaces -- -j4 -l4
[0.708s] Invoking command in '/home/pranav/turtle_catcher/build/my_robot_interfaces': CMAKE_PREFIX_PATH=${CMAKE_PREFIX_PATH}:/home/pranav/turtle_catcher/install/turtle_catcher:/home/pranav/ws/install/mypkg:/home/pranav/learning_ws/install/mypkg:/opt/ros/humble /usr/bin/cmake --install /home/pranav/turtle_catcher/build/my_robot_interfaces
[0.719s] -- Install configuration: ""
[0.719s] -- Up-to-date: /home/pranav/turtle_catcher/install/my_robot_interfaces/share/ament_index/resource_index/rosidl_interfaces/my_robot_interfaces
[0.720s] -- Up-to-date: /home/pranav/turtle_catcher/install/my_robot_interfaces/include/my_robot_interfaces/my_robot_interfaces
[0.720s] -- Up-to-date: /home/pranav/turtle_catcher/install/my_robot_interfaces/include/my_robot_interfaces/my_robot_interfaces/msg
[0.720s] -- Up-to-date: /home/pranav/turtle_catcher/install/my_robot_interfaces/include/my_robot_interfaces/my_robot_interfaces/msg/detail
[0.720s] -- Up-to-date: /home/pranav/turtle_catcher/install/my_robot_interfaces/include/my_robot_interfaces/my_robot_interfaces/msg/detail/turtle_array__type_support.h
[0.720s] -- Up-to-date: /home/pranav/turtle_catcher/install/my_robot_interfaces/include/my_robot_interfaces/my_robot_interfaces/msg/detail/turtle__type_support.h
[0.721s] -- Up-to-date: /home/pranav/turtle_catcher/install/my_robot_interfaces/include/my_robot_interfaces/my_robot_interfaces/msg/detail/turtle_array__struct.h
[0.721s] -- Up-to-date: /home/pranav/turtle_catcher/install/my_robot_interfaces/include/my_robot_interfaces/my_robot_interfaces/msg/detail/turtle__struct.h
[0.721s] -- Up-to-date: /home/pranav/turtle_catcher/install/my_robot_interfaces/include/my_robot_interfaces/my_robot_interfaces/msg/detail/turtle_array__functions.h
[0.721s] -- Up-to-date: /home/pranav/turtle_catcher/install/my_robot_interfaces/include/my_robot_interfaces/my_robot_interfaces/msg/detail/turtle_array__functions.c
[0.722s] -- Up-to-date: /home/pranav/turtle_catcher/install/my_robot_interfaces/include/my_robot_interfaces/my_robot_interfaces/msg/detail/turtle__functions.c
[0.722s] -- Up-to-date: /home/pranav/turtle_catcher/install/my_robot_interfaces/include/my_robot_interfaces/my_robot_interfaces/msg/detail/turtle__functions.h
[0.722s] -- Up-to-date: /home/pranav/turtle_catcher/install/my_robot_interfaces/include/my_robot_interfaces/my_robot_interfaces/msg/turtle.h
[0.722s] -- Up-to-date: /home/pranav/turtle_catcher/install/my_robot_interfaces/include/my_robot_interfaces/my_robot_interfaces/msg/rosidl_generator_c__visibility_control.h
[0.722s] -- Up-to-date: /home/pranav/turtle_catcher/install/my_robot_interfaces/include/my_robot_interfaces/my_robot_interfaces/msg/turtle_array.h
[0.723s] -- Up-to-date: /home/pranav/turtle_catcher/install/my_robot_interfaces/share/my_robot_interfaces/environment/library_path.sh
[0.723s] -- Up-to-date: /home/pranav/turtle_catcher/install/my_robot_interfaces/share/my_robot_interfaces/environment/library_path.dsv
[0.723s] -- Up-to-date: /home/pranav/turtle_catcher/install/my_robot_interfaces/lib/libmy_robot_interfaces__rosidl_generator_c.so
[0.724s] -- Up-to-date: /home/pranav/turtle_catcher/install/my_robot_interfaces/include/my_robot_interfaces/my_robot_interfaces
[0.724s] -- Up-to-date: /home/pranav/turtle_catcher/install/my_robot_interfaces/include/my_robot_interfaces/my_robot_interfaces/msg
[0.724s] -- Up-to-date: /home/pranav/turtle_catcher/install/my_robot_interfaces/include/my_robot_interfaces/my_robot_interfaces/msg/rosidl_typesupport_fastrtps_c__visibility_control.h
[0.725s] -- Up-to-date: /home/pranav/turtle_catcher/install/my_robot_interfaces/include/my_robot_interfaces/my_robot_interfaces/msg/detail
[0.725s] -- Up-to-date: /home/pranav/turtle_catcher/install/my_robot_interfaces/include/my_robot_interfaces/my_robot_interfaces/msg/detail/turtle__rosidl_typesupport_fastrtps_c.h
[0.725s] -- Up-to-date: /home/pranav/turtle_catcher/install/my_robot_interfaces/include/my_robot_interfaces/my_robot_interfaces/msg/detail/turtle_array__rosidl_typesupport_fastrtps_c.h
[0.726s] -- Up-to-date: /home/pranav/turtle_catcher/install/my_robot_interfaces/lib/libmy_robot_interfaces__rosidl_typesupport_fastrtps_c.so
[0.726s] -- Up-to-date: /home/pranav/turtle_catcher/install/my_robot_interfaces/include/my_robot_interfaces/my_robot_interfaces
[0.726s] -- Up-to-date: /home/pranav/turtle_catcher/install/my_robot_interfaces/include/my_robot_interfaces/my_robot_interfaces/msg
[0.727s] -- Up-to-date: /home/pranav/turtle_catcher/install/my_robot_interfaces/include/my_robot_interfaces/my_robot_interfaces/msg/detail
[0.727s] -- Up-to-date: /home/pranav/turtle_catcher/install/my_robot_interfaces/include/my_robot_interfaces/my_robot_interfaces/msg/detail/turtle__rosidl_typesupport_introspection_c.h
[0.727s] -- Up-to-date: /home/pranav/turtle_catcher/install/my_robot_interfaces/include/my_robot_interfaces/my_robot_interfaces/msg/detail/turtle_array__type_support.c
[0.727s] -- Up-to-date: /home/pranav/turtle_catcher/install/my_robot_interfaces/include/my_robot_interfaces/my_robot_interfaces/msg/detail/turtle_array__rosidl_typesupport_introspection_c.h
[0.727s] -- Up-to-date: /home/pranav/turtle_catcher/install/my_robot_interfaces/include/my_robot_interfaces/my_robot_interfaces/msg/detail/turtle__type_support.c
[0.728s] -- Up-to-date: /home/pranav/turtle_catcher/install/my_robot_interfaces/include/my_robot_interfaces/my_robot_interfaces/msg/rosidl_typesupport_introspection_c__visibility_control.h
[0.728s] -- Up-to-date: /home/pranav/turtle_catcher/install/my_robot_interfaces/lib/libmy_robot_interfaces__rosidl_typesupport_introspection_c.so
[0.729s] -- Up-to-date: /home/pranav/turtle_catcher/install/my_robot_interfaces/lib/libmy_robot_interfaces__rosidl_typesupport_c.so
[0.729s] -- Up-to-date: /home/pranav/turtle_catcher/install/my_robot_interfaces/include/my_robot_interfaces/my_robot_interfaces
[0.729s] -- Up-to-date: /home/pranav/turtle_catcher/install/my_robot_interfaces/include/my_robot_interfaces/my_robot_interfaces/msg
[0.730s] -- Up-to-date: /home/pranav/turtle_catcher/install/my_robot_interfaces/include/my_robot_interfaces/my_robot_interfaces/msg/turtle_array.hpp
[0.730s] -- Up-to-date: /home/pranav/turtle_catcher/install/my_robot_interfaces/include/my_robot_interfaces/my_robot_interfaces/msg/detail
[0.730s] -- Up-to-date: /home/pranav/turtle_catcher/install/my_robot_interfaces/include/my_robot_interfaces/my_robot_interfaces/msg/detail/turtle__traits.hpp
[0.730s] -- Up-to-date: /home/pranav/turtle_catcher/install/my_robot_interfaces/include/my_robot_interfaces/my_robot_interfaces/msg/detail/turtle_array__struct.hpp
[0.730s] -- Up-to-date: /home/pranav/turtle_catcher/install/my_robot_interfaces/include/my_robot_interfaces/my_robot_interfaces/msg/detail/turtle__struct.hpp
[0.731s] -- Up-to-date: /home/pranav/turtle_catcher/install/my_robot_interfaces/include/my_robot_interfaces/my_robot_interfaces/msg/detail/turtle__builder.hpp
[0.731s] -- Up-to-date: /home/pranav/turtle_catcher/install/my_robot_interfaces/include/my_robot_interfaces/my_robot_interfaces/msg/detail/turtle_array__builder.hpp
[0.731s] -- Up-to-date: /home/pranav/turtle_catcher/install/my_robot_interfaces/include/my_robot_interfaces/my_robot_interfaces/msg/detail/turtle_array__traits.hpp
[0.731s] -- Up-to-date: /home/pranav/turtle_catcher/install/my_robot_interfaces/include/my_robot_interfaces/my_robot_interfaces/msg/turtle.hpp
[0.732s] -- Up-to-date: /home/pranav/turtle_catcher/install/my_robot_interfaces/include/my_robot_interfaces/my_robot_interfaces
[0.732s] -- Up-to-date: /home/pranav/turtle_catcher/install/my_robot_interfaces/include/my_robot_interfaces/my_robot_interfaces/msg
[0.732s] -- Up-to-date: /home/pranav/turtle_catcher/install/my_robot_interfaces/include/my_robot_interfaces/my_robot_interfaces/msg/detail
[0.732s] -- Up-to-date: /home/pranav/turtle_catcher/install/my_robot_interfaces/include/my_robot_interfaces/my_robot_interfaces/msg/detail/turtle__rosidl_typesupport_fastrtps_cpp.hpp
[0.732s] -- Up-to-date: /home/pranav/turtle_catcher/install/my_robot_interfaces/include/my_robot_interfaces/my_robot_interfaces/msg/detail/dds_fastrtps
[0.733s] -- Up-to-date: /home/pranav/turtle_catcher/install/my_robot_interfaces/include/my_robot_interfaces/my_robot_interfaces/msg/detail/turtle_array__rosidl_typesupport_fastrtps_cpp.hpp
[0.733s] -- Up-to-date: /home/pranav/turtle_catcher/install/my_robot_interfaces/include/my_robot_interfaces/my_robot_interfaces/msg/rosidl_typesupport_fastrtps_cpp__visibility_control.h
[0.733s] -- Up-to-date: /home/pranav/turtle_catcher/install/my_robot_interfaces/lib/libmy_robot_interfaces__rosidl_typesupport_fastrtps_cpp.so
[0.734s] -- Up-to-date: /home/pranav/turtle_catcher/install/my_robot_interfaces/include/my_robot_interfaces/my_robot_interfaces
[0.734s] -- Up-to-date: /home/pranav/turtle_catcher/install/my_robot_interfaces/include/my_robot_interfaces/my_robot_interfaces/msg
[0.734s] -- Up-to-date: /home/pranav/turtle_catcher/install/my_robot_interfaces/include/my_robot_interfaces/my_robot_interfaces/msg/detail
[0.735s] -- Up-to-date: /home/pranav/turtle_catcher/install/my_robot_interfaces/include/my_robot_interfaces/my_robot_interfaces/msg/detail/turtle__rosidl_typesupport_introspection_cpp.hpp
[0.735s] -- Up-to-date: /home/pranav/turtle_catcher/install/my_robot_interfaces/include/my_robot_interfaces/my_robot_interfaces/msg/detail/turtle__type_support.cpp
[0.735s] -- Up-to-date: /home/pranav/turtle_catcher/install/my_robot_interfaces/include/my_robot_interfaces/my_robot_interfaces/msg/detail/turtle_array__rosidl_typesupport_introspection_cpp.hpp
[0.735s] -- Up-to-date: /home/pranav/turtle_catcher/install/my_robot_interfaces/include/my_robot_interfaces/my_robot_interfaces/msg/detail/turtle_array__type_support.cpp
[0.736s] -- Up-to-date: /home/pranav/turtle_catcher/install/my_robot_interfaces/lib/libmy_robot_interfaces__rosidl_typesupport_introspection_cpp.so
[0.736s] -- Up-to-date: /home/pranav/turtle_catcher/install/my_robot_interfaces/lib/libmy_robot_interfaces__rosidl_typesupport_cpp.so
[0.737s] -- Up-to-date: /home/pranav/turtle_catcher/install/my_robot_interfaces/share/my_robot_interfaces/environment/pythonpath.sh
[0.737s] -- Up-to-date: /home/pranav/turtle_catcher/install/my_robot_interfaces/share/my_robot_interfaces/environment/pythonpath.dsv
[0.737s] -- Up-to-date: /home/pranav/turtle_catcher/install/my_robot_interfaces/local/lib/python3.10/dist-packages/my_robot_interfaces-0.0.0-py3.10.egg-info
[0.738s] -- Installing: /home/pranav/turtle_catcher/install/my_robot_interfaces/local/lib/python3.10/dist-packages/my_robot_interfaces-0.0.0-py3.10.egg-info/dependency_links.txt
[0.738s] -- Installing: /home/pranav/turtle_catcher/install/my_robot_interfaces/local/lib/python3.10/dist-packages/my_robot_interfaces-0.0.0-py3.10.egg-info/top_level.txt
[0.739s] -- Installing: /home/pranav/turtle_catcher/install/my_robot_interfaces/local/lib/python3.10/dist-packages/my_robot_interfaces-0.0.0-py3.10.egg-info/SOURCES.txt
[0.739s] -- Installing: /home/pranav/turtle_catcher/install/my_robot_interfaces/local/lib/python3.10/dist-packages/my_robot_interfaces-0.0.0-py3.10.egg-info/PKG-INFO
[0.739s] -- Up-to-date: /home/pranav/turtle_catcher/install/my_robot_interfaces/local/lib/python3.10/dist-packages/my_robot_interfaces
[0.740s] -- Up-to-date: /home/pranav/turtle_catcher/install/my_robot_interfaces/local/lib/python3.10/dist-packages/my_robot_interfaces/_my_robot_interfaces_s.ep.rosidl_typesupport_c.c
[0.740s] -- Up-to-date: /home/pranav/turtle_catcher/install/my_robot_interfaces/local/lib/python3.10/dist-packages/my_robot_interfaces/_my_robot_interfaces_s.ep.rosidl_typesupport_fastrtps_c.c
[0.740s] -- Up-to-date: /home/pranav/turtle_catcher/install/my_robot_interfaces/local/lib/python3.10/dist-packages/my_robot_interfaces/libmy_robot_interfaces__rosidl_generator_py.so
[0.740s] -- Up-to-date: /home/pranav/turtle_catcher/install/my_robot_interfaces/local/lib/python3.10/dist-packages/my_robot_interfaces/msg
[0.741s] -- Up-to-date: /home/pranav/turtle_catcher/install/my_robot_interfaces/local/lib/python3.10/dist-packages/my_robot_interfaces/msg/_turtle_array_s.c
[0.741s] -- Up-to-date: /home/pranav/turtle_catcher/install/my_robot_interfaces/local/lib/python3.10/dist-packages/my_robot_interfaces/msg/_turtle.py
[0.741s] -- Up-to-date: /home/pranav/turtle_catcher/install/my_robot_interfaces/local/lib/python3.10/dist-packages/my_robot_interfaces/msg/_turtle_array.py
[0.741s] -- Up-to-date: /home/pranav/turtle_catcher/install/my_robot_interfaces/local/lib/python3.10/dist-packages/my_robot_interfaces/msg/_turtle_s.c
[0.741s] -- Up-to-date: /home/pranav/turtle_catcher/install/my_robot_interfaces/local/lib/python3.10/dist-packages/my_robot_interfaces/msg/__init__.py
[0.742s] -- Up-to-date: /home/pranav/turtle_catcher/install/my_robot_interfaces/local/lib/python3.10/dist-packages/my_robot_interfaces/my_robot_interfaces_s__rosidl_typesupport_fastrtps_c.cpython-310-x86_64-linux-gnu.so
[0.742s] -- Up-to-date: /home/pranav/turtle_catcher/install/my_robot_interfaces/local/lib/python3.10/dist-packages/my_robot_interfaces/my_robot_interfaces_s__rosidl_typesupport_introspection_c.cpython-310-x86_64-linux-gnu.so
[0.742s] -- Up-to-date: /home/pranav/turtle_catcher/install/my_robot_interfaces/local/lib/python3.10/dist-packages/my_robot_interfaces/my_robot_interfaces_s__rosidl_typesupport_c.cpython-310-x86_64-linux-gnu.so
[0.742s] -- Up-to-date: /home/pranav/turtle_catcher/install/my_robot_interfaces/local/lib/python3.10/dist-packages/my_robot_interfaces/_my_robot_interfaces_s.ep.rosidl_typesupport_introspection_c.c
[0.743s] -- Up-to-date: /home/pranav/turtle_catcher/install/my_robot_interfaces/local/lib/python3.10/dist-packages/my_robot_interfaces/__init__.py
[0.788s] Listing '/home/pranav/turtle_catcher/install/my_robot_interfaces/local/lib/python3.10/dist-packages/my_robot_interfaces'...
[0.788s] Listing '/home/pranav/turtle_catcher/install/my_robot_interfaces/local/lib/python3.10/dist-packages/my_robot_interfaces/msg'...
[0.793s] -- Up-to-date: /home/pranav/turtle_catcher/install/my_robot_interfaces/local/lib/python3.10/dist-packages/my_robot_interfaces/my_robot_interfaces_s__rosidl_typesupport_fastrtps_c.cpython-310-x86_64-linux-gnu.so
[0.793s] -- Up-to-date: /home/pranav/turtle_catcher/install/my_robot_interfaces/local/lib/python3.10/dist-packages/my_robot_interfaces/my_robot_interfaces_s__rosidl_typesupport_introspection_c.cpython-310-x86_64-linux-gnu.so
[0.794s] -- Up-to-date: /home/pranav/turtle_catcher/install/my_robot_interfaces/local/lib/python3.10/dist-packages/my_robot_interfaces/my_robot_interfaces_s__rosidl_typesupport_c.cpython-310-x86_64-linux-gnu.so
[0.795s] -- Up-to-date: /home/pranav/turtle_catcher/install/my_robot_interfaces/lib/libmy_robot_interfaces__rosidl_generator_py.so
[0.796s] -- Up-to-date: /home/pranav/turtle_catcher/install/my_robot_interfaces/share/my_robot_interfaces/msg/Turtle.idl
[0.796s] -- Up-to-date: /home/pranav/turtle_catcher/install/my_robot_interfaces/share/my_robot_interfaces/msg/TurtleArray.idl
[0.796s] -- Up-to-date: /home/pranav/turtle_catcher/install/my_robot_interfaces/share/my_robot_interfaces/msg/Turtle.msg
[0.796s] -- Up-to-date: /home/pranav/turtle_catcher/install/my_robot_interfaces/share/my_robot_interfaces/msg/TurtleArray.msg
[0.797s] -- Up-to-date: /home/pranav/turtle_catcher/install/my_robot_interfaces/share/ament_index/resource_index/package_run_dependencies/my_robot_interfaces
[0.797s] -- Up-to-date: /home/pranav/turtle_catcher/install/my_robot_interfaces/share/ament_index/resource_index/parent_prefix_path/my_robot_interfaces
[0.797s] -- Up-to-date: /home/pranav/turtle_catcher/install/my_robot_interfaces/share/my_robot_interfaces/environment/ament_prefix_path.sh
[0.797s] -- Up-to-date: /home/pranav/turtle_catcher/install/my_robot_interfaces/share/my_robot_interfaces/environment/ament_prefix_path.dsv
[0.798s] -- Up-to-date: /home/pranav/turtle_catcher/install/my_robot_interfaces/share/my_robot_interfaces/environment/path.sh
[0.798s] -- Up-to-date: /home/pranav/turtle_catcher/install/my_robot_interfaces/share/my_robot_interfaces/environment/path.dsv
[0.798s] -- Up-to-date: /home/pranav/turtle_catcher/install/my_robot_interfaces/share/my_robot_interfaces/local_setup.bash
[0.798s] -- Up-to-date: /home/pranav/turtle_catcher/install/my_robot_interfaces/share/my_robot_interfaces/local_setup.sh
[0.799s] -- Up-to-date: /home/pranav/turtle_catcher/install/my_robot_interfaces/share/my_robot_interfaces/local_setup.zsh
[0.799s] -- Up-to-date: /home/pranav/turtle_catcher/install/my_robot_interfaces/share/my_robot_interfaces/local_setup.dsv
[0.799s] -- Installing: /home/pranav/turtle_catcher/install/my_robot_interfaces/share/my_robot_interfaces/package.dsv
[0.800s] -- Up-to-date: /home/pranav/turtle_catcher/install/my_robot_interfaces/share/ament_index/resource_index/packages/my_robot_interfaces
[0.800s] -- Up-to-date: /home/pranav/turtle_catcher/install/my_robot_interfaces/share/my_robot_interfaces/cmake/export_my_robot_interfaces__rosidl_generator_cExport.cmake
[0.800s] -- Up-to-date: /home/pranav/turtle_catcher/install/my_robot_interfaces/share/my_robot_interfaces/cmake/export_my_robot_interfaces__rosidl_generator_cExport-noconfig.cmake
[0.800s] -- Up-to-date: /home/pranav/turtle_catcher/install/my_robot_interfaces/share/my_robot_interfaces/cmake/export_my_robot_interfaces__rosidl_typesupport_fastrtps_cExport.cmake
[0.801s] -- Up-to-date: /home/pranav/turtle_catcher/install/my_robot_interfaces/share/my_robot_interfaces/cmake/export_my_robot_interfaces__rosidl_typesupport_fastrtps_cExport-noconfig.cmake
[0.801s] -- Up-to-date: /home/pranav/turtle_catcher/install/my_robot_interfaces/share/my_robot_interfaces/cmake/my_robot_interfaces__rosidl_typesupport_introspection_cExport.cmake
[0.801s] -- Up-to-date: /home/pranav/turtle_catcher/install/my_robot_interfaces/share/my_robot_interfaces/cmake/my_robot_interfaces__rosidl_typesupport_introspection_cExport-noconfig.cmake
[0.802s] -- Up-to-date: /home/pranav/turtle_catcher/install/my_robot_interfaces/share/my_robot_interfaces/cmake/my_robot_interfaces__rosidl_typesupport_cExport.cmake
[0.802s] -- Up-to-date: /home/pranav/turtle_catcher/install/my_robot_interfaces/share/my_robot_interfaces/cmake/my_robot_interfaces__rosidl_typesupport_cExport-noconfig.cmake
[0.802s] -- Up-to-date: /home/pranav/turtle_catcher/install/my_robot_interfaces/share/my_robot_interfaces/cmake/export_my_robot_interfaces__rosidl_generator_cppExport.cmake
[0.803s] -- Up-to-date: /home/pranav/turtle_catcher/install/my_robot_interfaces/share/my_robot_interfaces/cmake/export_my_robot_interfaces__rosidl_typesupport_fastrtps_cppExport.cmake
[0.803s] -- Up-to-date: /home/pranav/turtle_catcher/install/my_robot_interfaces/share/my_robot_interfaces/cmake/export_my_robot_interfaces__rosidl_typesupport_fastrtps_cppExport-noconfig.cmake
[0.803s] -- Up-to-date: /home/pranav/turtle_catcher/install/my_robot_interfaces/share/my_robot_interfaces/cmake/my_robot_interfaces__rosidl_typesupport_introspection_cppExport.cmake
[0.804s] -- Up-to-date: /home/pranav/turtle_catcher/install/my_robot_interfaces/share/my_robot_interfaces/cmake/my_robot_interfaces__rosidl_typesupport_introspection_cppExport-noconfig.cmake
[0.804s] -- Up-to-date: /home/pranav/turtle_catcher/install/my_robot_interfaces/share/my_robot_interfaces/cmake/my_robot_interfaces__rosidl_typesupport_cppExport.cmake
[0.804s] -- Up-to-date: /home/pranav/turtle_catcher/install/my_robot_interfaces/share/my_robot_interfaces/cmake/my_robot_interfaces__rosidl_typesupport_cppExport-noconfig.cmake
[0.804s] -- Up-to-date: /home/pranav/turtle_catcher/install/my_robot_interfaces/share/my_robot_interfaces/cmake/export_my_robot_interfaces__rosidl_generator_pyExport.cmake
[0.805s] -- Up-to-date: /home/pranav/turtle_catcher/install/my_robot_interfaces/share/my_robot_interfaces/cmake/export_my_robot_interfaces__rosidl_generator_pyExport-noconfig.cmake
[0.805s] -- Up-to-date: /home/pranav/turtle_catcher/install/my_robot_interfaces/share/my_robot_interfaces/cmake/rosidl_cmake-extras.cmake
[0.805s] -- Up-to-date: /home/pranav/turtle_catcher/install/my_robot_interfaces/share/my_robot_interfaces/cmake/ament_cmake_export_include_directories-extras.cmake
[0.805s] -- Up-to-date: /home/pranav/turtle_catcher/install/my_robot_interfaces/share/my_robot_interfaces/cmake/ament_cmake_export_libraries-extras.cmake
[0.805s] -- Up-to-date: /home/pranav/turtle_catcher/install/my_robot_interfaces/share/my_robot_interfaces/cmake/ament_cmake_export_targets-extras.cmake
[0.806s] -- Up-to-date: /home/pranav/turtle_catcher/install/my_robot_interfaces/share/my_robot_interfaces/cmake/rosidl_cmake_export_typesupport_targets-extras.cmake
[0.806s] -- Up-to-date: /home/pranav/turtle_catcher/install/my_robot_interfaces/share/my_robot_interfaces/cmake/ament_cmake_export_dependencies-extras.cmake
[0.806s] -- Up-to-date: /home/pranav/turtle_catcher/install/my_robot_interfaces/share/my_robot_interfaces/cmake/rosidl_cmake_export_typesupport_libraries-extras.cmake
[0.806s] -- Up-to-date: /home/pranav/turtle_catcher/install/my_robot_interfaces/share/my_robot_interfaces/cmake/my_robot_interfacesConfig.cmake
[0.807s] -- Up-to-date: /home/pranav/turtle_catcher/install/my_robot_interfaces/share/my_robot_interfaces/cmake/my_robot_interfacesConfig-version.cmake
[0.807s] -- Up-to-date: /home/pranav/turtle_catcher/install/my_robot_interfaces/share/my_robot_interfaces/package.xml
[0.810s] Invoked command in '/home/pranav/turtle_catcher/build/my_robot_interfaces' returned '0': CMAKE_PREFIX_PATH=${CMAKE_PREFIX_PATH}:/home/pranav/turtle_catcher/install/turtle_catcher:/home/pranav/ws/install/mypkg:/home/pranav/learning_ws/install/mypkg:/opt/ros/humble /usr/bin/cmake --install /home/pranav/turtle_catcher/build/my_robot_interfaces
