running egg_info
writing ../../build/turtle_catcher/turtle_catcher.egg-info/PKG-INFO
writing dependency_links to ../../build/turtle_catcher/turtle_catcher.egg-info/dependency_links.txt
writing entry points to ../../build/turtle_catcher/turtle_catcher.egg-info/entry_points.txt
writing requirements to ../../build/turtle_catcher/turtle_catcher.egg-info/requires.txt
writing top-level names to ../../build/turtle_catcher/turtle_catcher.egg-info/top_level.txt
reading manifest file '../../build/turtle_catcher/turtle_catcher.egg-info/SOURCES.txt'
writing manifest file '../../build/turtle_catcher/turtle_catcher.egg-info/SOURCES.txt'
running build
running build_py
copying turtle_catcher/turtle_spawner.py -> /home/pranav/turtle_catcher/build/turtle_catcher/build/lib/turtle_catcher
running install
running install_lib
copying /home/pranav/turtle_catcher/build/turtle_catcher/build/lib/turtle_catcher/turtle_spawner.py -> /home/pranav/turtle_catcher/install/turtle_catcher/lib/python3.10/site-packages/turtle_catcher
byte-compiling /home/pranav/turtle_catcher/install/turtle_catcher/lib/python3.10/site-packages/turtle_catcher/turtle_spawner.py to turtle_spawner.cpython-310.pyc
running install_data
copying package.xml -> /home/pranav/turtle_catcher/install/turtle_catcher/share/turtle_catcher
running install_egg_info
removing '/home/pranav/turtle_catcher/install/turtle_catcher/lib/python3.10/site-packages/turtle_catcher-0.0.0-py3.10.egg-info' (and everything under it)
Copying ../../build/turtle_catcher/turtle_catcher.egg-info to /home/pranav/turtle_catcher/install/turtle_catcher/lib/python3.10/site-packages/turtle_catcher-0.0.0-py3.10.egg-info
running install_scripts
Installing turtle_catcher script to /home/pranav/turtle_catcher/install/turtle_catcher/lib/turtle_catcher
Installing turtle_spawner script to /home/pranav/turtle_catcher/install/turtle_catcher/lib/turtle_catcher
writing list of installed files to '/home/pranav/turtle_catcher/build/turtle_catcher/install.log'
