[0.566s] Invoking command in '/home/pranav/turtle_catcher/build/turtle_catcher': PYTHONPATH=/home/pranav/turtle_catcher/build/turtle_catcher/prefix_override:/usr/lib/python3/dist-packages/colcon_core/task/python/colcon_distutils_commands:/home/pranav/turtle_catcher/install/turtle_catcher/lib/python3.10/site-packages:${PYTHONPATH} /usr/bin/python3 -W ignore:setup.py install is deprecated setup.py develop --uninstall --editable --build-directory /home/pranav/turtle_catcher/build/turtle_catcher/build
[0.801s] running develop
[0.947s] Removing /home/pranav/turtle_catcher/install/turtle_catcher/lib/python3.10/site-packages/turtle-catcher.egg-link (link to .)
[0.970s] Invoked command in '/home/pranav/turtle_catcher/build/turtle_catcher' returned '0': PYTHONPATH=/home/pranav/turtle_catcher/build/turtle_catcher/prefix_override:/usr/lib/python3/dist-packages/colcon_core/task/python/colcon_distutils_commands:/home/pranav/turtle_catcher/install/turtle_catcher/lib/python3.10/site-packages:${PYTHONPATH} /usr/bin/python3 -W ignore:setup.py install is deprecated setup.py develop --uninstall --editable --build-directory /home/pranav/turtle_catcher/build/turtle_catcher/build
[0.972s] Invoking command in '/home/pranav/turtle_catcher/src/turtle_catcher': PYTHONPATH=/home/pranav/turtle_catcher/build/turtle_catcher/prefix_override:/usr/lib/python3/dist-packages/colcon_core/task/python/colcon_distutils_commands:/home/pranav/turtle_catcher/install/turtle_catcher/lib/python3.10/site-packages:${PYTHONPATH} /usr/bin/python3 -W ignore:setup.py install is deprecated setup.py egg_info --egg-base ../../build/turtle_catcher build --build-base /home/pranav/turtle_catcher/build/turtle_catcher/build install --record /home/pranav/turtle_catcher/build/turtle_catcher/install.log --single-version-externally-managed install_data --force
[1.186s] running egg_info
[1.187s] writing ../../build/turtle_catcher/turtle_catcher.egg-info/PKG-INFO
[1.187s] writing dependency_links to ../../build/turtle_catcher/turtle_catcher.egg-info/dependency_links.txt
[1.188s] writing entry points to ../../build/turtle_catcher/turtle_catcher.egg-info/entry_points.txt
[1.189s] writing requirements to ../../build/turtle_catcher/turtle_catcher.egg-info/requires.txt
[1.189s] writing top-level names to ../../build/turtle_catcher/turtle_catcher.egg-info/top_level.txt
[1.190s] reading manifest file '../../build/turtle_catcher/turtle_catcher.egg-info/SOURCES.txt'
[1.191s] writing manifest file '../../build/turtle_catcher/turtle_catcher.egg-info/SOURCES.txt'
[1.191s] running build
[1.191s] running build_py
[1.191s] copying turtle_catcher/turtle_spawner.py -> /home/pranav/turtle_catcher/build/turtle_catcher/build/lib/turtle_catcher
[1.192s] running install
[1.192s] running install_lib
[1.193s] creating /home/pranav/turtle_catcher/install/turtle_catcher/lib/python3.10/site-packages/turtle_catcher
[1.193s] copying /home/pranav/turtle_catcher/build/turtle_catcher/build/lib/turtle_catcher/turtle_spawner.py -> /home/pranav/turtle_catcher/install/turtle_catcher/lib/python3.10/site-packages/turtle_catcher
[1.193s] copying /home/pranav/turtle_catcher/build/turtle_catcher/build/lib/turtle_catcher/turtle_catcher.py -> /home/pranav/turtle_catcher/install/turtle_catcher/lib/python3.10/site-packages/turtle_catcher
[1.193s] copying /home/pranav/turtle_catcher/build/turtle_catcher/build/lib/turtle_catcher/__init__.py -> /home/pranav/turtle_catcher/install/turtle_catcher/lib/python3.10/site-packages/turtle_catcher
[1.194s] byte-compiling /home/pranav/turtle_catcher/install/turtle_catcher/lib/python3.10/site-packages/turtle_catcher/turtle_spawner.py to turtle_spawner.cpython-310.pyc
[1.195s] byte-compiling /home/pranav/turtle_catcher/install/turtle_catcher/lib/python3.10/site-packages/turtle_catcher/turtle_catcher.py to turtle_catcher.cpython-310.pyc
[1.195s] byte-compiling /home/pranav/turtle_catcher/install/turtle_catcher/lib/python3.10/site-packages/turtle_catcher/__init__.py to __init__.cpython-310.pyc
[1.196s] running install_data
[1.196s] copying resource/turtle_catcher -> /home/pranav/turtle_catcher/install/turtle_catcher/share/ament_index/resource_index/packages
[1.196s] copying package.xml -> /home/pranav/turtle_catcher/install/turtle_catcher/share/turtle_catcher
[1.196s] running install_egg_info
[1.198s] Copying ../../build/turtle_catcher/turtle_catcher.egg-info to /home/pranav/turtle_catcher/install/turtle_catcher/lib/python3.10/site-packages/turtle_catcher-0.0.0-py3.10.egg-info
[1.199s] running install_scripts
[1.215s] Installing turtle_catcher script to /home/pranav/turtle_catcher/install/turtle_catcher/lib/turtle_catcher
[1.215s] Installing turtle_spawner script to /home/pranav/turtle_catcher/install/turtle_catcher/lib/turtle_catcher
[1.216s] writing list of installed files to '/home/pranav/turtle_catcher/build/turtle_catcher/install.log'
[1.238s] Invoked command in '/home/pranav/turtle_catcher/src/turtle_catcher' returned '0': PYTHONPATH=/home/pranav/turtle_catcher/build/turtle_catcher/prefix_override:/usr/lib/python3/dist-packages/colcon_core/task/python/colcon_distutils_commands:/home/pranav/turtle_catcher/install/turtle_catcher/lib/python3.10/site-packages:${PYTHONPATH} /usr/bin/python3 -W ignore:setup.py install is deprecated setup.py egg_info --egg-base ../../build/turtle_catcher build --build-base /home/pranav/turtle_catcher/build/turtle_catcher/build install --record /home/pranav/turtle_catcher/build/turtle_catcher/install.log --single-version-externally-managed install_data --force
