[0.013s] Invoking command in '/home/pranav/turtle_catcher/build/my_robot_interfaces': CMAKE_PREFIX_PATH=${CMAKE_PREFIX_PATH}:/home/pranav/turtle_catcher/install/turtle_catcher:/home/pranav/ws/install/mypkg:/home/pranav/learning_ws/install/mypkg:/opt/ros/humble /usr/bin/cmake /home/pranav/turtle_catcher/src/my_robot_interfaces -DCMAKE_INSTALL_PREFIX=/home/pranav/turtle_catcher/install/my_robot_interfaces
[0.070s] -- The C compiler identification is GNU 11.4.0
[0.129s] -- The CXX compiler identification is GNU 11.4.0
[0.138s] -- Detecting C compiler ABI info
[0.216s] -- Detecting C compiler ABI info - done
[0.221s] -- Check for working C compiler: /usr/bin/cc - skipped
[0.222s] -- Detecting C compile features
[0.222s] -- Detecting C compile features - done
[0.224s] -- Detecting CXX compiler ABI info
[0.312s] -- Detecting CXX compiler ABI info - done
[0.319s] -- Check for working CXX compiler: /usr/bin/c++ - skipped
[0.319s] -- Detecting CXX compile features
[0.320s] -- Detecting CXX compile features - done
[0.324s] -- Found ament_cmake: 1.3.9 (/opt/ros/humble/share/ament_cmake/cmake)
[0.474s] -- Found Python3: /usr/bin/python3 (found version "3.10.12") found components: Interpreter 
[0.563s] -- Found rosidl_default_generators: 1.2.0 (/opt/ros/humble/share/rosidl_default_generators/cmake)
[0.566s] -- Using all available rosidl_typesupport_c: rosidl_typesupport_fastrtps_c;rosidl_typesupport_introspection_c
[0.574s] -- Found rosidl_adapter: 3.1.5 (/opt/ros/humble/share/rosidl_adapter/cmake)
[0.616s] -- Using all available rosidl_typesupport_cpp: rosidl_typesupport_fastrtps_cpp;rosidl_typesupport_introspection_cpp
[0.881s] -- Found ament_cmake_ros: 0.10.0 (/opt/ros/humble/share/ament_cmake_ros/cmake)
[1.056s] -- Using all available rosidl_typesupport_c: rosidl_typesupport_fastrtps_c;rosidl_typesupport_introspection_c
[1.284s] -- Using all available rosidl_typesupport_cpp: rosidl_typesupport_fastrtps_cpp;rosidl_typesupport_introspection_cpp
[1.305s] -- Found PythonInterp: /usr/bin/python3 (found suitable version "3.10.12", minimum required is "3.6") 
[1.307s] -- Found python_cmake_module: 0.10.0 (/opt/ros/humble/share/python_cmake_module/cmake)
[1.331s] -- Found PythonLibs: /usr/lib/x86_64-linux-gnu/libpython3.10.so (found suitable version "3.10.12", minimum required is "3.5") 
[1.332s] -- Using PYTHON_EXECUTABLE: /usr/bin/python3
[1.332s] -- Using PYTHON_INCLUDE_DIRS: /usr/include/python3.10
[1.333s] -- Using PYTHON_LIBRARIES: /usr/lib/x86_64-linux-gnu/libpython3.10.so
[1.352s] -- Found PythonExtra: .so  
[1.393s] -- Configuring done
[1.433s] -- Generating done
[1.437s] -- Build files have been written to: /home/pranav/turtle_catcher/build/my_robot_interfaces
[1.446s] Invoked command in '/home/pranav/turtle_catcher/build/my_robot_interfaces' returned '0': CMAKE_PREFIX_PATH=${CMAKE_PREFIX_PATH}:/home/pranav/turtle_catcher/install/turtle_catcher:/home/pranav/ws/install/mypkg:/home/pranav/learning_ws/install/mypkg:/opt/ros/humble /usr/bin/cmake /home/pranav/turtle_catcher/src/my_robot_interfaces -DCMAKE_INSTALL_PREFIX=/home/pranav/turtle_catcher/install/my_robot_interfaces
[1.448s] Invoking command in '/home/pranav/turtle_catcher/build/my_robot_interfaces': CMAKE_PREFIX_PATH=${CMAKE_PREFIX_PATH}:/home/pranav/turtle_catcher/install/turtle_catcher:/home/pranav/ws/install/mypkg:/home/pranav/learning_ws/install/mypkg:/opt/ros/humble /usr/bin/cmake --build /home/pranav/turtle_catcher/build/my_robot_interfaces -- -j4 -l4
[1.497s] [  2%] [34m[1mGenerating C code for ROS interfaces[0m
[1.506s] [  4%] [34m[1mGenerating C++ code for ROS interfaces[0m
[1.519s] [  4%] Built target ament_cmake_python_copy_my_robot_interfaces
[1.883s] running egg_info
[1.884s] creating my_robot_interfaces.egg-info
[1.885s] writing my_robot_interfaces.egg-info/PKG-INFO
[1.886s] writing dependency_links to my_robot_interfaces.egg-info/dependency_links.txt
[1.887s] writing top-level names to my_robot_interfaces.egg-info/top_level.txt
[1.887s] writing manifest file 'my_robot_interfaces.egg-info/SOURCES.txt'
[1.890s] reading manifest file 'my_robot_interfaces.egg-info/SOURCES.txt'
[1.891s] writing manifest file 'my_robot_interfaces.egg-info/SOURCES.txt'
[1.906s] [  8%] [32mBuilding C object CMakeFiles/my_robot_interfaces__rosidl_generator_c.dir/rosidl_generator_c/my_robot_interfaces/msg/detail/turtle__functions.c.o[0m
[1.907s] [  8%] [32mBuilding C object CMakeFiles/my_robot_interfaces__rosidl_generator_c.dir/rosidl_generator_c/my_robot_interfaces/msg/detail/turtle_array__functions.c.o[0m
[1.937s] [  8%] Built target ament_cmake_python_build_my_robot_interfaces_egg
[1.951s] [ 10%] [32mBuilding C object CMakeFiles/my_robot_interfaces__rosidl_generator_c.dir/rosidl_generator_c/my_robot_interfaces/srv/detail/catch_turtle__functions.c.o[0m
[2.015s] [ 10%] Built target my_robot_interfaces__cpp
[2.019s] [ 12%] [32m[1mLinking C shared library libmy_robot_interfaces__rosidl_generator_c.so[0m
[2.030s] [ 17%] [34m[1mGenerating C++ type support dispatch for ROS interfaces[0m
[2.030s] [ 17%] [34m[1mGenerating C++ introspection for ROS interfaces[0m
[2.032s] [ 19%] [34m[1mGenerating C++ type support for eProsima Fast-RTPS[0m
[2.072s] [ 19%] Built target my_robot_interfaces__rosidl_generator_c
[2.089s] [ 21%] [34m[1mGenerating C type support for eProsima Fast-RTPS[0m
[2.436s] [ 23%] [32mBuilding CXX object CMakeFiles/my_robot_interfaces__rosidl_typesupport_cpp.dir/rosidl_typesupport_cpp/my_robot_interfaces/msg/turtle__type_support.cpp.o[0m
[2.592s] [ 25%] [32mBuilding CXX object CMakeFiles/my_robot_interfaces__rosidl_typesupport_fastrtps_cpp.dir/rosidl_typesupport_fastrtps_cpp/my_robot_interfaces/msg/detail/dds_fastrtps/turtle__type_support.cpp.o[0m
[2.621s] [ 27%] [32mBuilding CXX object CMakeFiles/my_robot_interfaces__rosidl_typesupport_introspection_cpp.dir/rosidl_typesupport_introspection_cpp/my_robot_interfaces/msg/detail/turtle__type_support.cpp.o[0m
[2.941s] [ 29%] [32mBuilding CXX object CMakeFiles/my_robot_interfaces__rosidl_typesupport_cpp.dir/rosidl_typesupport_cpp/my_robot_interfaces/msg/turtle_array__type_support.cpp.o[0m
[2.957s] [ 31%] [32mBuilding CXX object CMakeFiles/my_robot_interfaces__rosidl_typesupport_fastrtps_c.dir/rosidl_typesupport_fastrtps_c/my_robot_interfaces/msg/detail/turtle__type_support_c.cpp.o[0m
[3.871s] [ 34%] [32mBuilding CXX object CMakeFiles/my_robot_interfaces__rosidl_typesupport_fastrtps_cpp.dir/rosidl_typesupport_fastrtps_cpp/my_robot_interfaces/msg/detail/dds_fastrtps/turtle_array__type_support.cpp.o[0m
[3.902s] [ 36%] [32mBuilding CXX object CMakeFiles/my_robot_interfaces__rosidl_typesupport_cpp.dir/rosidl_typesupport_cpp/my_robot_interfaces/srv/catch_turtle__type_support.cpp.o[0m
[4.026s] [ 38%] [32mBuilding CXX object CMakeFiles/my_robot_interfaces__rosidl_typesupport_introspection_cpp.dir/rosidl_typesupport_introspection_cpp/my_robot_interfaces/msg/detail/turtle_array__type_support.cpp.o[0m
[4.114s] [ 40%] [32mBuilding CXX object CMakeFiles/my_robot_interfaces__rosidl_typesupport_fastrtps_c.dir/rosidl_typesupport_fastrtps_c/my_robot_interfaces/msg/detail/turtle_array__type_support_c.cpp.o[0m
[4.343s] [ 42%] [32m[1mLinking CXX shared library libmy_robot_interfaces__rosidl_typesupport_cpp.so[0m
[4.453s] [ 44%] [32mBuilding CXX object CMakeFiles/my_robot_interfaces__rosidl_typesupport_fastrtps_cpp.dir/rosidl_typesupport_fastrtps_cpp/my_robot_interfaces/srv/detail/dds_fastrtps/catch_turtle__type_support.cpp.o[0m
[4.488s] [ 44%] Built target my_robot_interfaces__rosidl_typesupport_cpp
[4.546s] [ 46%] [34m[1mGenerating C introspection for ROS interfaces[0m
[4.568s] [ 48%] [32mBuilding CXX object CMakeFiles/my_robot_interfaces__rosidl_typesupport_fastrtps_c.dir/rosidl_typesupport_fastrtps_c/my_robot_interfaces/srv/detail/catch_turtle__type_support_c.cpp.o[0m
[4.693s] [ 51%] [32mBuilding CXX object CMakeFiles/my_robot_interfaces__rosidl_typesupport_introspection_cpp.dir/rosidl_typesupport_introspection_cpp/my_robot_interfaces/srv/detail/catch_turtle__type_support.cpp.o[0m
[4.937s] [ 53%] [32mBuilding C object CMakeFiles/my_robot_interfaces__rosidl_typesupport_introspection_c.dir/rosidl_typesupport_introspection_c/my_robot_interfaces/msg/detail/turtle__type_support.c.o[0m
[4.952s] [ 55%] [32m[1mLinking CXX shared library libmy_robot_interfaces__rosidl_typesupport_fastrtps_cpp.so[0m
[4.982s] [ 57%] [32mBuilding C object CMakeFiles/my_robot_interfaces__rosidl_typesupport_introspection_c.dir/rosidl_typesupport_introspection_c/my_robot_interfaces/msg/detail/turtle_array__type_support.c.o[0m
[5.032s] [ 59%] [32m[1mLinking CXX shared library libmy_robot_interfaces__rosidl_typesupport_fastrtps_c.so[0m
[5.033s] [ 61%] [32mBuilding C object CMakeFiles/my_robot_interfaces__rosidl_typesupport_introspection_c.dir/rosidl_typesupport_introspection_c/my_robot_interfaces/srv/detail/catch_turtle__type_support.c.o[0m
[5.080s] [ 61%] Built target my_robot_interfaces__rosidl_typesupport_fastrtps_cpp
[5.094s] [ 63%] [34m[1mGenerating C type support dispatch for ROS interfaces[0m
[5.097s] [ 65%] [32m[1mLinking C shared library libmy_robot_interfaces__rosidl_typesupport_introspection_c.so[0m
[5.151s] [ 65%] Built target my_robot_interfaces__rosidl_typesupport_introspection_c
[5.173s] [ 65%] Built target my_robot_interfaces__rosidl_typesupport_fastrtps_c
[5.178s] [ 68%] [32m[1mLinking CXX shared library libmy_robot_interfaces__rosidl_typesupport_introspection_cpp.so[0m
[5.253s] [ 68%] Built target my_robot_interfaces__rosidl_typesupport_introspection_cpp
[5.371s] [ 70%] [32mBuilding CXX object CMakeFiles/my_robot_interfaces__rosidl_typesupport_c.dir/rosidl_typesupport_c/my_robot_interfaces/srv/catch_turtle__type_support.cpp.o[0m
[5.372s] [ 72%] [32mBuilding CXX object CMakeFiles/my_robot_interfaces__rosidl_typesupport_c.dir/rosidl_typesupport_c/my_robot_interfaces/msg/turtle__type_support.cpp.o[0m
[5.372s] [ 74%] [32mBuilding CXX object CMakeFiles/my_robot_interfaces__rosidl_typesupport_c.dir/rosidl_typesupport_c/my_robot_interfaces/msg/turtle_array__type_support.cpp.o[0m
[5.410s] [ 76%] [32m[1mLinking CXX shared library libmy_robot_interfaces__rosidl_typesupport_c.so[0m
[5.454s] [ 76%] Built target my_robot_interfaces__rosidl_typesupport_c
[5.476s] [ 76%] Built target my_robot_interfaces
[5.502s] [ 78%] [34m[1mGenerating Python code for ROS interfaces[0m
[5.965s] [ 78%] Built target my_robot_interfaces__py
[5.990s] [ 82%] [32mBuilding C object CMakeFiles/my_robot_interfaces__rosidl_generator_py.dir/rosidl_generator_py/my_robot_interfaces/msg/_turtle_s.c.o[0m
[5.991s] [ 82%] [32mBuilding C object CMakeFiles/my_robot_interfaces__rosidl_generator_py.dir/rosidl_generator_py/my_robot_interfaces/msg/_turtle_array_s.c.o[0m
[5.992s] [ 85%] [32mBuilding C object CMakeFiles/my_robot_interfaces__rosidl_generator_py.dir/rosidl_generator_py/my_robot_interfaces/srv/_catch_turtle_s.c.o[0m
[6.138s] [ 87%] [32m[1mLinking C shared library rosidl_generator_py/my_robot_interfaces/libmy_robot_interfaces__rosidl_generator_py.so[0m
[6.183s] [ 87%] Built target my_robot_interfaces__rosidl_generator_py
[6.209s] [ 91%] [32mBuilding C object CMakeFiles/my_robot_interfaces__rosidl_typesupport_c__pyext.dir/rosidl_generator_py/my_robot_interfaces/_my_robot_interfaces_s.ep.rosidl_typesupport_c.c.o[0m
[6.210s] [ 91%] [32mBuilding C object CMakeFiles/my_robot_interfaces__rosidl_typesupport_fastrtps_c__pyext.dir/rosidl_generator_py/my_robot_interfaces/_my_robot_interfaces_s.ep.rosidl_typesupport_fastrtps_c.c.o[0m
[6.211s] [ 93%] [32mBuilding C object CMakeFiles/my_robot_interfaces__rosidl_typesupport_introspection_c__pyext.dir/rosidl_generator_py/my_robot_interfaces/_my_robot_interfaces_s.ep.rosidl_typesupport_introspection_c.c.o[0m
[6.317s] [ 95%] [32m[1mLinking C shared library rosidl_generator_py/my_robot_interfaces/my_robot_interfaces_s__rosidl_typesupport_introspection_c.cpython-310-x86_64-linux-gnu.so[0m
[6.323s] [ 97%] [32m[1mLinking C shared library rosidl_generator_py/my_robot_interfaces/my_robot_interfaces_s__rosidl_typesupport_c.cpython-310-x86_64-linux-gnu.so[0m
[6.336s] [100%] [32m[1mLinking C shared library rosidl_generator_py/my_robot_interfaces/my_robot_interfaces_s__rosidl_typesupport_fastrtps_c.cpython-310-x86_64-linux-gnu.so[0m
[6.376s] [100%] Built target my_robot_interfaces__rosidl_typesupport_introspection_c__pyext
[6.388s] [100%] Built target my_robot_interfaces__rosidl_typesupport_c__pyext
[6.394s] [100%] Built target my_robot_interfaces__rosidl_typesupport_fastrtps_c__pyext
[6.423s] Invoked command in '/home/pranav/turtle_catcher/build/my_robot_interfaces' returned '0': CMAKE_PREFIX_PATH=${CMAKE_PREFIX_PATH}:/home/pranav/turtle_catcher/install/turtle_catcher:/home/pranav/ws/install/mypkg:/home/pranav/learning_ws/install/mypkg:/opt/ros/humble /usr/bin/cmake --build /home/pranav/turtle_catcher/build/my_robot_interfaces -- -j4 -l4
[6.581s] Invoking command in '/home/pranav/turtle_catcher/build/my_robot_interfaces': CMAKE_PREFIX_PATH=${CMAKE_PREFIX_PATH}:/home/pranav/turtle_catcher/install/turtle_catcher:/home/pranav/ws/install/mypkg:/home/pranav/learning_ws/install/mypkg:/opt/ros/humble /usr/bin/cmake --install /home/pranav/turtle_catcher/build/my_robot_interfaces
[6.590s] -- Install configuration: ""
[6.590s] -- Installing: /home/pranav/turtle_catcher/install/my_robot_interfaces/share/ament_index/resource_index/rosidl_interfaces/my_robot_interfaces
[6.591s] -- Installing: /home/pranav/turtle_catcher/install/my_robot_interfaces/include/my_robot_interfaces/my_robot_interfaces
[6.591s] -- Installing: /home/pranav/turtle_catcher/install/my_robot_interfaces/include/my_robot_interfaces/my_robot_interfaces/srv
[6.592s] -- Installing: /home/pranav/turtle_catcher/install/my_robot_interfaces/include/my_robot_interfaces/my_robot_interfaces/srv/catch_turtle.h
[6.592s] -- Installing: /home/pranav/turtle_catcher/install/my_robot_interfaces/include/my_robot_interfaces/my_robot_interfaces/srv/detail
[6.592s] -- Installing: /home/pranav/turtle_catcher/install/my_robot_interfaces/include/my_robot_interfaces/my_robot_interfaces/srv/detail/catch_turtle__functions.c
[6.593s] -- Installing: /home/pranav/turtle_catcher/install/my_robot_interfaces/include/my_robot_interfaces/my_robot_interfaces/srv/detail/catch_turtle__struct.h
[6.593s] -- Installing: /home/pranav/turtle_catcher/install/my_robot_interfaces/include/my_robot_interfaces/my_robot_interfaces/srv/detail/catch_turtle__functions.h
[6.593s] -- Installing: /home/pranav/turtle_catcher/install/my_robot_interfaces/include/my_robot_interfaces/my_robot_interfaces/srv/detail/catch_turtle__type_support.h
[6.594s] -- Installing: /home/pranav/turtle_catcher/install/my_robot_interfaces/include/my_robot_interfaces/my_robot_interfaces/msg
[6.594s] -- Installing: /home/pranav/turtle_catcher/install/my_robot_interfaces/include/my_robot_interfaces/my_robot_interfaces/msg/detail
[6.594s] -- Installing: /home/pranav/turtle_catcher/install/my_robot_interfaces/include/my_robot_interfaces/my_robot_interfaces/msg/detail/turtle_array__type_support.h
[6.595s] -- Installing: /home/pranav/turtle_catcher/install/my_robot_interfaces/include/my_robot_interfaces/my_robot_interfaces/msg/detail/turtle__type_support.h
[6.595s] -- Installing: /home/pranav/turtle_catcher/install/my_robot_interfaces/include/my_robot_interfaces/my_robot_interfaces/msg/detail/turtle_array__struct.h
[6.595s] -- Installing: /home/pranav/turtle_catcher/install/my_robot_interfaces/include/my_robot_interfaces/my_robot_interfaces/msg/detail/turtle__struct.h
[6.596s] -- Installing: /home/pranav/turtle_catcher/install/my_robot_interfaces/include/my_robot_interfaces/my_robot_interfaces/msg/detail/turtle_array__functions.h
[6.596s] -- Installing: /home/pranav/turtle_catcher/install/my_robot_interfaces/include/my_robot_interfaces/my_robot_interfaces/msg/detail/turtle_array__functions.c
[6.596s] -- Installing: /home/pranav/turtle_catcher/install/my_robot_interfaces/include/my_robot_interfaces/my_robot_interfaces/msg/detail/turtle__functions.c
[6.597s] -- Installing: /home/pranav/turtle_catcher/install/my_robot_interfaces/include/my_robot_interfaces/my_robot_interfaces/msg/detail/turtle__functions.h
[6.597s] -- Installing: /home/pranav/turtle_catcher/install/my_robot_interfaces/include/my_robot_interfaces/my_robot_interfaces/msg/turtle.h
[6.598s] -- Installing: /home/pranav/turtle_catcher/install/my_robot_interfaces/include/my_robot_interfaces/my_robot_interfaces/msg/rosidl_generator_c__visibility_control.h
[6.598s] -- Installing: /home/pranav/turtle_catcher/install/my_robot_interfaces/include/my_robot_interfaces/my_robot_interfaces/msg/turtle_array.h
[6.598s] -- Installing: /home/pranav/turtle_catcher/install/my_robot_interfaces/share/my_robot_interfaces/environment/library_path.sh
[6.599s] -- Installing: /home/pranav/turtle_catcher/install/my_robot_interfaces/share/my_robot_interfaces/environment/library_path.dsv
[6.599s] -- Installing: /home/pranav/turtle_catcher/install/my_robot_interfaces/lib/libmy_robot_interfaces__rosidl_generator_c.so
[6.600s] -- Set runtime path of "/home/pranav/turtle_catcher/install/my_robot_interfaces/lib/libmy_robot_interfaces__rosidl_generator_c.so" to ""
[6.600s] -- Up-to-date: /home/pranav/turtle_catcher/install/my_robot_interfaces/include/my_robot_interfaces/my_robot_interfaces
[6.600s] -- Up-to-date: /home/pranav/turtle_catcher/install/my_robot_interfaces/include/my_robot_interfaces/my_robot_interfaces/srv
[6.601s] -- Up-to-date: /home/pranav/turtle_catcher/install/my_robot_interfaces/include/my_robot_interfaces/my_robot_interfaces/srv/detail
[6.601s] -- Installing: /home/pranav/turtle_catcher/install/my_robot_interfaces/include/my_robot_interfaces/my_robot_interfaces/srv/detail/catch_turtle__rosidl_typesupport_fastrtps_c.h
[6.601s] -- Up-to-date: /home/pranav/turtle_catcher/install/my_robot_interfaces/include/my_robot_interfaces/my_robot_interfaces/msg
[6.601s] -- Installing: /home/pranav/turtle_catcher/install/my_robot_interfaces/include/my_robot_interfaces/my_robot_interfaces/msg/rosidl_typesupport_fastrtps_c__visibility_control.h
[6.601s] -- Up-to-date: /home/pranav/turtle_catcher/install/my_robot_interfaces/include/my_robot_interfaces/my_robot_interfaces/msg/detail
[6.602s] -- Installing: /home/pranav/turtle_catcher/install/my_robot_interfaces/include/my_robot_interfaces/my_robot_interfaces/msg/detail/turtle__rosidl_typesupport_fastrtps_c.h
[6.602s] -- Installing: /home/pranav/turtle_catcher/install/my_robot_interfaces/include/my_robot_interfaces/my_robot_interfaces/msg/detail/turtle_array__rosidl_typesupport_fastrtps_c.h
[6.602s] -- Installing: /home/pranav/turtle_catcher/install/my_robot_interfaces/lib/libmy_robot_interfaces__rosidl_typesupport_fastrtps_c.so
[6.603s] -- Set runtime path of "/home/pranav/turtle_catcher/install/my_robot_interfaces/lib/libmy_robot_interfaces__rosidl_typesupport_fastrtps_c.so" to ""
[6.603s] -- Up-to-date: /home/pranav/turtle_catcher/install/my_robot_interfaces/include/my_robot_interfaces/my_robot_interfaces
[6.603s] -- Up-to-date: /home/pranav/turtle_catcher/install/my_robot_interfaces/include/my_robot_interfaces/my_robot_interfaces/srv
[6.603s] -- Up-to-date: /home/pranav/turtle_catcher/install/my_robot_interfaces/include/my_robot_interfaces/my_robot_interfaces/srv/detail
[6.604s] -- Installing: /home/pranav/turtle_catcher/install/my_robot_interfaces/include/my_robot_interfaces/my_robot_interfaces/srv/detail/catch_turtle__rosidl_typesupport_introspection_c.h
[6.604s] -- Installing: /home/pranav/turtle_catcher/install/my_robot_interfaces/include/my_robot_interfaces/my_robot_interfaces/srv/detail/catch_turtle__type_support.c
[6.604s] -- Up-to-date: /home/pranav/turtle_catcher/install/my_robot_interfaces/include/my_robot_interfaces/my_robot_interfaces/msg
[6.604s] -- Up-to-date: /home/pranav/turtle_catcher/install/my_robot_interfaces/include/my_robot_interfaces/my_robot_interfaces/msg/detail
[6.605s] -- Installing: /home/pranav/turtle_catcher/install/my_robot_interfaces/include/my_robot_interfaces/my_robot_interfaces/msg/detail/turtle__rosidl_typesupport_introspection_c.h
[6.605s] -- Installing: /home/pranav/turtle_catcher/install/my_robot_interfaces/include/my_robot_interfaces/my_robot_interfaces/msg/detail/turtle_array__type_support.c
[6.605s] -- Installing: /home/pranav/turtle_catcher/install/my_robot_interfaces/include/my_robot_interfaces/my_robot_interfaces/msg/detail/turtle_array__rosidl_typesupport_introspection_c.h
[6.605s] -- Installing: /home/pranav/turtle_catcher/install/my_robot_interfaces/include/my_robot_interfaces/my_robot_interfaces/msg/detail/turtle__type_support.c
[6.606s] -- Installing: /home/pranav/turtle_catcher/install/my_robot_interfaces/include/my_robot_interfaces/my_robot_interfaces/msg/rosidl_typesupport_introspection_c__visibility_control.h
[6.606s] -- Installing: /home/pranav/turtle_catcher/install/my_robot_interfaces/lib/libmy_robot_interfaces__rosidl_typesupport_introspection_c.so
[6.607s] -- Set runtime path of "/home/pranav/turtle_catcher/install/my_robot_interfaces/lib/libmy_robot_interfaces__rosidl_typesupport_introspection_c.so" to ""
[6.607s] -- Installing: /home/pranav/turtle_catcher/install/my_robot_interfaces/lib/libmy_robot_interfaces__rosidl_typesupport_c.so
[6.607s] -- Set runtime path of "/home/pranav/turtle_catcher/install/my_robot_interfaces/lib/libmy_robot_interfaces__rosidl_typesupport_c.so" to ""
[6.607s] -- Up-to-date: /home/pranav/turtle_catcher/install/my_robot_interfaces/include/my_robot_interfaces/my_robot_interfaces
[6.608s] -- Up-to-date: /home/pranav/turtle_catcher/install/my_robot_interfaces/include/my_robot_interfaces/my_robot_interfaces/srv
[6.608s] -- Up-to-date: /home/pranav/turtle_catcher/install/my_robot_interfaces/include/my_robot_interfaces/my_robot_interfaces/srv/detail
[6.608s] -- Installing: /home/pranav/turtle_catcher/install/my_robot_interfaces/include/my_robot_interfaces/my_robot_interfaces/srv/detail/catch_turtle__builder.hpp
[6.608s] -- Installing: /home/pranav/turtle_catcher/install/my_robot_interfaces/include/my_robot_interfaces/my_robot_interfaces/srv/detail/catch_turtle__struct.hpp
[6.609s] -- Installing: /home/pranav/turtle_catcher/install/my_robot_interfaces/include/my_robot_interfaces/my_robot_interfaces/srv/detail/catch_turtle__traits.hpp
[6.609s] -- Installing: /home/pranav/turtle_catcher/install/my_robot_interfaces/include/my_robot_interfaces/my_robot_interfaces/srv/catch_turtle.hpp
[6.609s] -- Up-to-date: /home/pranav/turtle_catcher/install/my_robot_interfaces/include/my_robot_interfaces/my_robot_interfaces/msg
[6.609s] -- Installing: /home/pranav/turtle_catcher/install/my_robot_interfaces/include/my_robot_interfaces/my_robot_interfaces/msg/turtle_array.hpp
[6.610s] -- Up-to-date: /home/pranav/turtle_catcher/install/my_robot_interfaces/include/my_robot_interfaces/my_robot_interfaces/msg/detail
[6.610s] -- Installing: /home/pranav/turtle_catcher/install/my_robot_interfaces/include/my_robot_interfaces/my_robot_interfaces/msg/detail/turtle__traits.hpp
[6.610s] -- Installing: /home/pranav/turtle_catcher/install/my_robot_interfaces/include/my_robot_interfaces/my_robot_interfaces/msg/detail/turtle_array__struct.hpp
[6.611s] -- Installing: /home/pranav/turtle_catcher/install/my_robot_interfaces/include/my_robot_interfaces/my_robot_interfaces/msg/detail/turtle__struct.hpp
[6.611s] -- Installing: /home/pranav/turtle_catcher/install/my_robot_interfaces/include/my_robot_interfaces/my_robot_interfaces/msg/detail/turtle__builder.hpp
[6.611s] -- Installing: /home/pranav/turtle_catcher/install/my_robot_interfaces/include/my_robot_interfaces/my_robot_interfaces/msg/detail/turtle_array__builder.hpp
[6.612s] -- Installing: /home/pranav/turtle_catcher/install/my_robot_interfaces/include/my_robot_interfaces/my_robot_interfaces/msg/detail/turtle_array__traits.hpp
[6.612s] -- Installing: /home/pranav/turtle_catcher/install/my_robot_interfaces/include/my_robot_interfaces/my_robot_interfaces/msg/turtle.hpp
[6.612s] -- Up-to-date: /home/pranav/turtle_catcher/install/my_robot_interfaces/include/my_robot_interfaces/my_robot_interfaces
[6.612s] -- Up-to-date: /home/pranav/turtle_catcher/install/my_robot_interfaces/include/my_robot_interfaces/my_robot_interfaces/srv
[6.613s] -- Up-to-date: /home/pranav/turtle_catcher/install/my_robot_interfaces/include/my_robot_interfaces/my_robot_interfaces/srv/detail
[6.613s] -- Installing: /home/pranav/turtle_catcher/install/my_robot_interfaces/include/my_robot_interfaces/my_robot_interfaces/srv/detail/dds_fastrtps
[6.613s] -- Installing: /home/pranav/turtle_catcher/install/my_robot_interfaces/include/my_robot_interfaces/my_robot_interfaces/srv/detail/catch_turtle__rosidl_typesupport_fastrtps_cpp.hpp
[6.613s] -- Up-to-date: /home/pranav/turtle_catcher/install/my_robot_interfaces/include/my_robot_interfaces/my_robot_interfaces/msg
[6.613s] -- Up-to-date: /home/pranav/turtle_catcher/install/my_robot_interfaces/include/my_robot_interfaces/my_robot_interfaces/msg/detail
[6.614s] -- Installing: /home/pranav/turtle_catcher/install/my_robot_interfaces/include/my_robot_interfaces/my_robot_interfaces/msg/detail/turtle__rosidl_typesupport_fastrtps_cpp.hpp
[6.614s] -- Installing: /home/pranav/turtle_catcher/install/my_robot_interfaces/include/my_robot_interfaces/my_robot_interfaces/msg/detail/dds_fastrtps
[6.614s] -- Installing: /home/pranav/turtle_catcher/install/my_robot_interfaces/include/my_robot_interfaces/my_robot_interfaces/msg/detail/turtle_array__rosidl_typesupport_fastrtps_cpp.hpp
[6.614s] -- Installing: /home/pranav/turtle_catcher/install/my_robot_interfaces/include/my_robot_interfaces/my_robot_interfaces/msg/rosidl_typesupport_fastrtps_cpp__visibility_control.h
[6.615s] -- Installing: /home/pranav/turtle_catcher/install/my_robot_interfaces/lib/libmy_robot_interfaces__rosidl_typesupport_fastrtps_cpp.so
[6.616s] -- Set runtime path of "/home/pranav/turtle_catcher/install/my_robot_interfaces/lib/libmy_robot_interfaces__rosidl_typesupport_fastrtps_cpp.so" to ""
[6.616s] -- Up-to-date: /home/pranav/turtle_catcher/install/my_robot_interfaces/include/my_robot_interfaces/my_robot_interfaces
[6.616s] -- Up-to-date: /home/pranav/turtle_catcher/install/my_robot_interfaces/include/my_robot_interfaces/my_robot_interfaces/srv
[6.616s] -- Up-to-date: /home/pranav/turtle_catcher/install/my_robot_interfaces/include/my_robot_interfaces/my_robot_interfaces/srv/detail
[6.617s] -- Installing: /home/pranav/turtle_catcher/install/my_robot_interfaces/include/my_robot_interfaces/my_robot_interfaces/srv/detail/catch_turtle__rosidl_typesupport_introspection_cpp.hpp
[6.617s] -- Installing: /home/pranav/turtle_catcher/install/my_robot_interfaces/include/my_robot_interfaces/my_robot_interfaces/srv/detail/catch_turtle__type_support.cpp
[6.617s] -- Up-to-date: /home/pranav/turtle_catcher/install/my_robot_interfaces/include/my_robot_interfaces/my_robot_interfaces/msg
[6.617s] -- Up-to-date: /home/pranav/turtle_catcher/install/my_robot_interfaces/include/my_robot_interfaces/my_robot_interfaces/msg/detail
[6.618s] -- Installing: /home/pranav/turtle_catcher/install/my_robot_interfaces/include/my_robot_interfaces/my_robot_interfaces/msg/detail/turtle__rosidl_typesupport_introspection_cpp.hpp
[6.618s] -- Installing: /home/pranav/turtle_catcher/install/my_robot_interfaces/include/my_robot_interfaces/my_robot_interfaces/msg/detail/turtle__type_support.cpp
[6.618s] -- Installing: /home/pranav/turtle_catcher/install/my_robot_interfaces/include/my_robot_interfaces/my_robot_interfaces/msg/detail/turtle_array__rosidl_typesupport_introspection_cpp.hpp
[6.619s] -- Installing: /home/pranav/turtle_catcher/install/my_robot_interfaces/include/my_robot_interfaces/my_robot_interfaces/msg/detail/turtle_array__type_support.cpp
[6.619s] -- Installing: /home/pranav/turtle_catcher/install/my_robot_interfaces/lib/libmy_robot_interfaces__rosidl_typesupport_introspection_cpp.so
[6.620s] -- Set runtime path of "/home/pranav/turtle_catcher/install/my_robot_interfaces/lib/libmy_robot_interfaces__rosidl_typesupport_introspection_cpp.so" to ""
[6.620s] -- Installing: /home/pranav/turtle_catcher/install/my_robot_interfaces/lib/libmy_robot_interfaces__rosidl_typesupport_cpp.so
[6.621s] -- Set runtime path of "/home/pranav/turtle_catcher/install/my_robot_interfaces/lib/libmy_robot_interfaces__rosidl_typesupport_cpp.so" to ""
[6.621s] -- Installing: /home/pranav/turtle_catcher/install/my_robot_interfaces/share/my_robot_interfaces/environment/pythonpath.sh
[6.622s] -- Installing: /home/pranav/turtle_catcher/install/my_robot_interfaces/share/my_robot_interfaces/environment/pythonpath.dsv
[6.622s] -- Installing: /home/pranav/turtle_catcher/install/my_robot_interfaces/local/lib/python3.10/dist-packages/my_robot_interfaces-0.0.0-py3.10.egg-info
[6.622s] -- Installing: /home/pranav/turtle_catcher/install/my_robot_interfaces/local/lib/python3.10/dist-packages/my_robot_interfaces-0.0.0-py3.10.egg-info/dependency_links.txt
[6.623s] -- Installing: /home/pranav/turtle_catcher/install/my_robot_interfaces/local/lib/python3.10/dist-packages/my_robot_interfaces-0.0.0-py3.10.egg-info/top_level.txt
[6.623s] -- Installing: /home/pranav/turtle_catcher/install/my_robot_interfaces/local/lib/python3.10/dist-packages/my_robot_interfaces-0.0.0-py3.10.egg-info/SOURCES.txt
[6.624s] -- Installing: /home/pranav/turtle_catcher/install/my_robot_interfaces/local/lib/python3.10/dist-packages/my_robot_interfaces-0.0.0-py3.10.egg-info/PKG-INFO
[6.624s] -- Installing: /home/pranav/turtle_catcher/install/my_robot_interfaces/local/lib/python3.10/dist-packages/my_robot_interfaces
[6.624s] -- Installing: /home/pranav/turtle_catcher/install/my_robot_interfaces/local/lib/python3.10/dist-packages/my_robot_interfaces/_my_robot_interfaces_s.ep.rosidl_typesupport_c.c
[6.625s] -- Installing: /home/pranav/turtle_catcher/install/my_robot_interfaces/local/lib/python3.10/dist-packages/my_robot_interfaces/_my_robot_interfaces_s.ep.rosidl_typesupport_fastrtps_c.c
[6.625s] -- Installing: /home/pranav/turtle_catcher/install/my_robot_interfaces/local/lib/python3.10/dist-packages/my_robot_interfaces/srv
[6.625s] -- Installing: /home/pranav/turtle_catcher/install/my_robot_interfaces/local/lib/python3.10/dist-packages/my_robot_interfaces/srv/_catch_turtle.py
[6.626s] -- Installing: /home/pranav/turtle_catcher/install/my_robot_interfaces/local/lib/python3.10/dist-packages/my_robot_interfaces/srv/_catch_turtle_s.c
[6.626s] -- Installing: /home/pranav/turtle_catcher/install/my_robot_interfaces/local/lib/python3.10/dist-packages/my_robot_interfaces/srv/__init__.py
[6.626s] -- Installing: /home/pranav/turtle_catcher/install/my_robot_interfaces/local/lib/python3.10/dist-packages/my_robot_interfaces/libmy_robot_interfaces__rosidl_generator_py.so
[6.627s] -- Installing: /home/pranav/turtle_catcher/install/my_robot_interfaces/local/lib/python3.10/dist-packages/my_robot_interfaces/msg
[6.627s] -- Installing: /home/pranav/turtle_catcher/install/my_robot_interfaces/local/lib/python3.10/dist-packages/my_robot_interfaces/msg/_turtle_array_s.c
[6.628s] -- Installing: /home/pranav/turtle_catcher/install/my_robot_interfaces/local/lib/python3.10/dist-packages/my_robot_interfaces/msg/_turtle.py
[6.628s] -- Installing: /home/pranav/turtle_catcher/install/my_robot_interfaces/local/lib/python3.10/dist-packages/my_robot_interfaces/msg/_turtle_array.py
[6.628s] -- Installing: /home/pranav/turtle_catcher/install/my_robot_interfaces/local/lib/python3.10/dist-packages/my_robot_interfaces/msg/_turtle_s.c
[6.629s] -- Installing: /home/pranav/turtle_catcher/install/my_robot_interfaces/local/lib/python3.10/dist-packages/my_robot_interfaces/msg/__init__.py
[6.629s] -- Installing: /home/pranav/turtle_catcher/install/my_robot_interfaces/local/lib/python3.10/dist-packages/my_robot_interfaces/my_robot_interfaces_s__rosidl_typesupport_fastrtps_c.cpython-310-x86_64-linux-gnu.so
[6.629s] -- Installing: /home/pranav/turtle_catcher/install/my_robot_interfaces/local/lib/python3.10/dist-packages/my_robot_interfaces/my_robot_interfaces_s__rosidl_typesupport_introspection_c.cpython-310-x86_64-linux-gnu.so
[6.630s] -- Installing: /home/pranav/turtle_catcher/install/my_robot_interfaces/local/lib/python3.10/dist-packages/my_robot_interfaces/my_robot_interfaces_s__rosidl_typesupport_c.cpython-310-x86_64-linux-gnu.so
[6.630s] -- Installing: /home/pranav/turtle_catcher/install/my_robot_interfaces/local/lib/python3.10/dist-packages/my_robot_interfaces/_my_robot_interfaces_s.ep.rosidl_typesupport_introspection_c.c
[6.631s] -- Installing: /home/pranav/turtle_catcher/install/my_robot_interfaces/local/lib/python3.10/dist-packages/my_robot_interfaces/__init__.py
[6.684s] Listing '/home/pranav/turtle_catcher/install/my_robot_interfaces/local/lib/python3.10/dist-packages/my_robot_interfaces'...
[6.684s] Compiling '/home/pranav/turtle_catcher/install/my_robot_interfaces/local/lib/python3.10/dist-packages/my_robot_interfaces/__init__.py'...
[6.684s] Listing '/home/pranav/turtle_catcher/install/my_robot_interfaces/local/lib/python3.10/dist-packages/my_robot_interfaces/msg'...
[6.684s] Compiling '/home/pranav/turtle_catcher/install/my_robot_interfaces/local/lib/python3.10/dist-packages/my_robot_interfaces/msg/__init__.py'...
[6.685s] Compiling '/home/pranav/turtle_catcher/install/my_robot_interfaces/local/lib/python3.10/dist-packages/my_robot_interfaces/msg/_turtle.py'...
[6.685s] Compiling '/home/pranav/turtle_catcher/install/my_robot_interfaces/local/lib/python3.10/dist-packages/my_robot_interfaces/msg/_turtle_array.py'...
[6.685s] Listing '/home/pranav/turtle_catcher/install/my_robot_interfaces/local/lib/python3.10/dist-packages/my_robot_interfaces/srv'...
[6.685s] Compiling '/home/pranav/turtle_catcher/install/my_robot_interfaces/local/lib/python3.10/dist-packages/my_robot_interfaces/srv/__init__.py'...
[6.685s] Compiling '/home/pranav/turtle_catcher/install/my_robot_interfaces/local/lib/python3.10/dist-packages/my_robot_interfaces/srv/_catch_turtle.py'...
[6.689s] -- Installing: /home/pranav/turtle_catcher/install/my_robot_interfaces/local/lib/python3.10/dist-packages/my_robot_interfaces/my_robot_interfaces_s__rosidl_typesupport_fastrtps_c.cpython-310-x86_64-linux-gnu.so
[6.690s] -- Set runtime path of "/home/pranav/turtle_catcher/install/my_robot_interfaces/local/lib/python3.10/dist-packages/my_robot_interfaces/my_robot_interfaces_s__rosidl_typesupport_fastrtps_c.cpython-310-x86_64-linux-gnu.so" to ""
[6.690s] -- Installing: /home/pranav/turtle_catcher/install/my_robot_interfaces/local/lib/python3.10/dist-packages/my_robot_interfaces/my_robot_interfaces_s__rosidl_typesupport_introspection_c.cpython-310-x86_64-linux-gnu.so
[6.691s] -- Set runtime path of "/home/pranav/turtle_catcher/install/my_robot_interfaces/local/lib/python3.10/dist-packages/my_robot_interfaces/my_robot_interfaces_s__rosidl_typesupport_introspection_c.cpython-310-x86_64-linux-gnu.so" to ""
[6.691s] -- Installing: /home/pranav/turtle_catcher/install/my_robot_interfaces/local/lib/python3.10/dist-packages/my_robot_interfaces/my_robot_interfaces_s__rosidl_typesupport_c.cpython-310-x86_64-linux-gnu.so
[6.691s] -- Set runtime path of "/home/pranav/turtle_catcher/install/my_robot_interfaces/local/lib/python3.10/dist-packages/my_robot_interfaces/my_robot_interfaces_s__rosidl_typesupport_c.cpython-310-x86_64-linux-gnu.so" to ""
[6.692s] -- Installing: /home/pranav/turtle_catcher/install/my_robot_interfaces/lib/libmy_robot_interfaces__rosidl_generator_py.so
[6.692s] -- Set runtime path of "/home/pranav/turtle_catcher/install/my_robot_interfaces/lib/libmy_robot_interfaces__rosidl_generator_py.so" to ""
[6.693s] -- Installing: /home/pranav/turtle_catcher/install/my_robot_interfaces/share/my_robot_interfaces/msg/Turtle.idl
[6.693s] -- Installing: /home/pranav/turtle_catcher/install/my_robot_interfaces/share/my_robot_interfaces/msg/TurtleArray.idl
[6.693s] -- Installing: /home/pranav/turtle_catcher/install/my_robot_interfaces/share/my_robot_interfaces/srv/CatchTurtle.idl
[6.694s] -- Installing: /home/pranav/turtle_catcher/install/my_robot_interfaces/share/my_robot_interfaces/msg/Turtle.msg
[6.694s] -- Installing: /home/pranav/turtle_catcher/install/my_robot_interfaces/share/my_robot_interfaces/msg/TurtleArray.msg
[6.695s] -- Installing: /home/pranav/turtle_catcher/install/my_robot_interfaces/share/my_robot_interfaces/srv/CatchTurtle.srv
[6.695s] -- Installing: /home/pranav/turtle_catcher/install/my_robot_interfaces/share/my_robot_interfaces/srv/CatchTurtle_Request.msg
[6.695s] -- Installing: /home/pranav/turtle_catcher/install/my_robot_interfaces/share/my_robot_interfaces/srv/CatchTurtle_Response.msg
[6.696s] -- Installing: /home/pranav/turtle_catcher/install/my_robot_interfaces/share/ament_index/resource_index/package_run_dependencies/my_robot_interfaces
[6.696s] -- Installing: /home/pranav/turtle_catcher/install/my_robot_interfaces/share/ament_index/resource_index/parent_prefix_path/my_robot_interfaces
[6.697s] -- Installing: /home/pranav/turtle_catcher/install/my_robot_interfaces/share/my_robot_interfaces/environment/ament_prefix_path.sh
[6.697s] -- Installing: /home/pranav/turtle_catcher/install/my_robot_interfaces/share/my_robot_interfaces/environment/ament_prefix_path.dsv
[6.698s] -- Installing: /home/pranav/turtle_catcher/install/my_robot_interfaces/share/my_robot_interfaces/environment/path.sh
[6.698s] -- Installing: /home/pranav/turtle_catcher/install/my_robot_interfaces/share/my_robot_interfaces/environment/path.dsv
[6.698s] -- Installing: /home/pranav/turtle_catcher/install/my_robot_interfaces/share/my_robot_interfaces/local_setup.bash
[6.699s] -- Installing: /home/pranav/turtle_catcher/install/my_robot_interfaces/share/my_robot_interfaces/local_setup.sh
[6.699s] -- Installing: /home/pranav/turtle_catcher/install/my_robot_interfaces/share/my_robot_interfaces/local_setup.zsh
[6.699s] -- Installing: /home/pranav/turtle_catcher/install/my_robot_interfaces/share/my_robot_interfaces/local_setup.dsv
[6.700s] -- Installing: /home/pranav/turtle_catcher/install/my_robot_interfaces/share/my_robot_interfaces/package.dsv
[6.700s] -- Installing: /home/pranav/turtle_catcher/install/my_robot_interfaces/share/ament_index/resource_index/packages/my_robot_interfaces
[6.701s] -- Installing: /home/pranav/turtle_catcher/install/my_robot_interfaces/share/my_robot_interfaces/cmake/export_my_robot_interfaces__rosidl_generator_cExport.cmake
[6.701s] -- Installing: /home/pranav/turtle_catcher/install/my_robot_interfaces/share/my_robot_interfaces/cmake/export_my_robot_interfaces__rosidl_generator_cExport-noconfig.cmake
[6.702s] -- Installing: /home/pranav/turtle_catcher/install/my_robot_interfaces/share/my_robot_interfaces/cmake/export_my_robot_interfaces__rosidl_typesupport_fastrtps_cExport.cmake
[6.702s] -- Installing: /home/pranav/turtle_catcher/install/my_robot_interfaces/share/my_robot_interfaces/cmake/export_my_robot_interfaces__rosidl_typesupport_fastrtps_cExport-noconfig.cmake
[6.702s] -- Installing: /home/pranav/turtle_catcher/install/my_robot_interfaces/share/my_robot_interfaces/cmake/my_robot_interfaces__rosidl_typesupport_introspection_cExport.cmake
[6.703s] -- Installing: /home/pranav/turtle_catcher/install/my_robot_interfaces/share/my_robot_interfaces/cmake/my_robot_interfaces__rosidl_typesupport_introspection_cExport-noconfig.cmake
[6.703s] -- Installing: /home/pranav/turtle_catcher/install/my_robot_interfaces/share/my_robot_interfaces/cmake/my_robot_interfaces__rosidl_typesupport_cExport.cmake
[6.704s] -- Installing: /home/pranav/turtle_catcher/install/my_robot_interfaces/share/my_robot_interfaces/cmake/my_robot_interfaces__rosidl_typesupport_cExport-noconfig.cmake
[6.704s] -- Installing: /home/pranav/turtle_catcher/install/my_robot_interfaces/share/my_robot_interfaces/cmake/export_my_robot_interfaces__rosidl_generator_cppExport.cmake
[6.704s] -- Installing: /home/pranav/turtle_catcher/install/my_robot_interfaces/share/my_robot_interfaces/cmake/export_my_robot_interfaces__rosidl_typesupport_fastrtps_cppExport.cmake
[6.705s] -- Installing: /home/pranav/turtle_catcher/install/my_robot_interfaces/share/my_robot_interfaces/cmake/export_my_robot_interfaces__rosidl_typesupport_fastrtps_cppExport-noconfig.cmake
[6.705s] -- Installing: /home/pranav/turtle_catcher/install/my_robot_interfaces/share/my_robot_interfaces/cmake/my_robot_interfaces__rosidl_typesupport_introspection_cppExport.cmake
[6.706s] -- Installing: /home/pranav/turtle_catcher/install/my_robot_interfaces/share/my_robot_interfaces/cmake/my_robot_interfaces__rosidl_typesupport_introspection_cppExport-noconfig.cmake
[6.706s] -- Installing: /home/pranav/turtle_catcher/install/my_robot_interfaces/share/my_robot_interfaces/cmake/my_robot_interfaces__rosidl_typesupport_cppExport.cmake
[6.706s] -- Installing: /home/pranav/turtle_catcher/install/my_robot_interfaces/share/my_robot_interfaces/cmake/my_robot_interfaces__rosidl_typesupport_cppExport-noconfig.cmake
[6.707s] -- Installing: /home/pranav/turtle_catcher/install/my_robot_interfaces/share/my_robot_interfaces/cmake/export_my_robot_interfaces__rosidl_generator_pyExport.cmake
[6.707s] -- Installing: /home/pranav/turtle_catcher/install/my_robot_interfaces/share/my_robot_interfaces/cmake/export_my_robot_interfaces__rosidl_generator_pyExport-noconfig.cmake
[6.707s] -- Installing: /home/pranav/turtle_catcher/install/my_robot_interfaces/share/my_robot_interfaces/cmake/rosidl_cmake-extras.cmake
[6.708s] -- Installing: /home/pranav/turtle_catcher/install/my_robot_interfaces/share/my_robot_interfaces/cmake/ament_cmake_export_include_directories-extras.cmake
[6.708s] -- Installing: /home/pranav/turtle_catcher/install/my_robot_interfaces/share/my_robot_interfaces/cmake/ament_cmake_export_libraries-extras.cmake
[6.708s] -- Installing: /home/pranav/turtle_catcher/install/my_robot_interfaces/share/my_robot_interfaces/cmake/ament_cmake_export_targets-extras.cmake
[6.709s] -- Installing: /home/pranav/turtle_catcher/install/my_robot_interfaces/share/my_robot_interfaces/cmake/rosidl_cmake_export_typesupport_targets-extras.cmake
[6.709s] -- Installing: /home/pranav/turtle_catcher/install/my_robot_interfaces/share/my_robot_interfaces/cmake/ament_cmake_export_dependencies-extras.cmake
[6.710s] -- Installing: /home/pranav/turtle_catcher/install/my_robot_interfaces/share/my_robot_interfaces/cmake/rosidl_cmake_export_typesupport_libraries-extras.cmake
[6.710s] -- Installing: /home/pranav/turtle_catcher/install/my_robot_interfaces/share/my_robot_interfaces/cmake/my_robot_interfacesConfig.cmake
[6.710s] -- Installing: /home/pranav/turtle_catcher/install/my_robot_interfaces/share/my_robot_interfaces/cmake/my_robot_interfacesConfig-version.cmake
[6.711s] -- Installing: /home/pranav/turtle_catcher/install/my_robot_interfaces/share/my_robot_interfaces/package.xml
[6.714s] Invoked command in '/home/pranav/turtle_catcher/build/my_robot_interfaces' returned '0': CMAKE_PREFIX_PATH=${CMAKE_PREFIX_PATH}:/home/pranav/turtle_catcher/install/turtle_catcher:/home/pranav/ws/install/mypkg:/home/pranav/learning_ws/install/mypkg:/opt/ros/humble /usr/bin/cmake --install /home/pranav/turtle_catcher/build/my_robot_interfaces
