[0.021s] Invoking command in '/home/pranav/turtle_catcher/build/my_robot_bringup': AMENT_PREFIX_PATH=/home/pranav/turtle_catcher/install/turtle_catcher:/home/pranav/turtle_catcher/install/my_robot_bringup:/home/pranav/turtle_catcher/install/my_robot_interfaces:/home/pranav/ws/install/my_robot_bringup:/home/pranav/ws/install/mypkg:/home/pranav/ws/install/my_robot_interfaces:/home/pranav/ws/src/my_robot_interfaces/install/my_robot_interfaces:/home/pranav/learning_ws/install/mypkg:/opt/ros/humble CMAKE_PREFIX_PATH=/home/pranav/turtle_catcher/install/my_robot_interfaces:/home/pranav/turtle_catcher/install/my_robot_bringup:/home/pranav/ws/install/my_robot_bringup:/home/pranav/ws/install/my_robot_interfaces:/home/pranav/ws/src/my_robot_interfaces/install/my_robot_interfaces:/home/pranav/turtle_catcher/install/turtle_catcher:/home/pranav/ws/install/mypkg:/home/pranav/learning_ws/install/mypkg:/opt/ros/humble /usr/bin/cmake --build /home/pranav/turtle_catcher/build/my_robot_bringup -- -j4 -l4
[0.065s] Invoked command in '/home/pranav/turtle_catcher/build/my_robot_bringup' returned '0': AMENT_PREFIX_PATH=/home/pranav/turtle_catcher/install/turtle_catcher:/home/pranav/turtle_catcher/install/my_robot_bringup:/home/pranav/turtle_catcher/install/my_robot_interfaces:/home/pranav/ws/install/my_robot_bringup:/home/pranav/ws/install/mypkg:/home/pranav/ws/install/my_robot_interfaces:/home/pranav/ws/src/my_robot_interfaces/install/my_robot_interfaces:/home/pranav/learning_ws/install/mypkg:/opt/ros/humble CMAKE_PREFIX_PATH=/home/pranav/turtle_catcher/install/my_robot_interfaces:/home/pranav/turtle_catcher/install/my_robot_bringup:/home/pranav/ws/install/my_robot_bringup:/home/pranav/ws/install/my_robot_interfaces:/home/pranav/ws/src/my_robot_interfaces/install/my_robot_interfaces:/home/pranav/turtle_catcher/install/turtle_catcher:/home/pranav/ws/install/mypkg:/home/pranav/learning_ws/install/mypkg:/opt/ros/humble /usr/bin/cmake --build /home/pranav/turtle_catcher/build/my_robot_bringup -- -j4 -l4
[0.100s] Invoking command in '/home/pranav/turtle_catcher/build/my_robot_bringup': AMENT_PREFIX_PATH=/home/pranav/turtle_catcher/install/turtle_catcher:/home/pranav/turtle_catcher/install/my_robot_bringup:/home/pranav/turtle_catcher/install/my_robot_interfaces:/home/pranav/ws/install/my_robot_bringup:/home/pranav/ws/install/mypkg:/home/pranav/ws/install/my_robot_interfaces:/home/pranav/ws/src/my_robot_interfaces/install/my_robot_interfaces:/home/pranav/learning_ws/install/mypkg:/opt/ros/humble CMAKE_PREFIX_PATH=/home/pranav/turtle_catcher/install/my_robot_interfaces:/home/pranav/turtle_catcher/install/my_robot_bringup:/home/pranav/ws/install/my_robot_bringup:/home/pranav/ws/install/my_robot_interfaces:/home/pranav/ws/src/my_robot_interfaces/install/my_robot_interfaces:/home/pranav/turtle_catcher/install/turtle_catcher:/home/pranav/ws/install/mypkg:/home/pranav/learning_ws/install/mypkg:/opt/ros/humble /usr/bin/cmake --install /home/pranav/turtle_catcher/build/my_robot_bringup
[0.109s] -- Install configuration: ""
[0.109s] -- Up-to-date: /home/pranav/turtle_catcher/install/my_robot_bringup/share/my_robot_bringup/launch
[0.110s] -- Up-to-date: /home/pranav/turtle_catcher/install/my_robot_bringup/share/my_robot_bringup/launch/turtle_catcher.launch.py
[0.110s] -- Up-to-date: /home/pranav/turtle_catcher/install/my_robot_bringup/share/ament_index/resource_index/package_run_dependencies/my_robot_bringup
[0.110s] -- Up-to-date: /home/pranav/turtle_catcher/install/my_robot_bringup/share/ament_index/resource_index/parent_prefix_path/my_robot_bringup
[0.110s] -- Up-to-date: /home/pranav/turtle_catcher/install/my_robot_bringup/share/my_robot_bringup/environment/ament_prefix_path.sh
[0.110s] -- Up-to-date: /home/pranav/turtle_catcher/install/my_robot_bringup/share/my_robot_bringup/environment/ament_prefix_path.dsv
[0.110s] -- Up-to-date: /home/pranav/turtle_catcher/install/my_robot_bringup/share/my_robot_bringup/environment/path.sh
[0.110s] -- Up-to-date: /home/pranav/turtle_catcher/install/my_robot_bringup/share/my_robot_bringup/environment/path.dsv
[0.110s] -- Up-to-date: /home/pranav/turtle_catcher/install/my_robot_bringup/share/my_robot_bringup/local_setup.bash
[0.110s] -- Up-to-date: /home/pranav/turtle_catcher/install/my_robot_bringup/share/my_robot_bringup/local_setup.sh
[0.110s] -- Up-to-date: /home/pranav/turtle_catcher/install/my_robot_bringup/share/my_robot_bringup/local_setup.zsh
[0.111s] -- Up-to-date: /home/pranav/turtle_catcher/install/my_robot_bringup/share/my_robot_bringup/local_setup.dsv
[0.111s] -- Up-to-date: /home/pranav/turtle_catcher/install/my_robot_bringup/share/my_robot_bringup/package.dsv
[0.111s] -- Up-to-date: /home/pranav/turtle_catcher/install/my_robot_bringup/share/ament_index/resource_index/packages/my_robot_bringup
[0.111s] -- Up-to-date: /home/pranav/turtle_catcher/install/my_robot_bringup/share/my_robot_bringup/cmake/my_robot_bringupConfig.cmake
[0.111s] -- Up-to-date: /home/pranav/turtle_catcher/install/my_robot_bringup/share/my_robot_bringup/cmake/my_robot_bringupConfig-version.cmake
[0.111s] -- Up-to-date: /home/pranav/turtle_catcher/install/my_robot_bringup/share/my_robot_bringup/package.xml
[0.113s] Invoked command in '/home/pranav/turtle_catcher/build/my_robot_bringup' returned '0': AMENT_PREFIX_PATH=/home/pranav/turtle_catcher/install/turtle_catcher:/home/pranav/turtle_catcher/install/my_robot_bringup:/home/pranav/turtle_catcher/install/my_robot_interfaces:/home/pranav/ws/install/my_robot_bringup:/home/pranav/ws/install/mypkg:/home/pranav/ws/install/my_robot_interfaces:/home/pranav/ws/src/my_robot_interfaces/install/my_robot_interfaces:/home/pranav/learning_ws/install/mypkg:/opt/ros/humble CMAKE_PREFIX_PATH=/home/pranav/turtle_catcher/install/my_robot_interfaces:/home/pranav/turtle_catcher/install/my_robot_bringup:/home/pranav/ws/install/my_robot_bringup:/home/pranav/ws/install/my_robot_interfaces:/home/pranav/ws/src/my_robot_interfaces/install/my_robot_interfaces:/home/pranav/turtle_catcher/install/turtle_catcher:/home/pranav/ws/install/mypkg:/home/pranav/learning_ws/install/mypkg:/opt/ros/humble /usr/bin/cmake --install /home/pranav/turtle_catcher/build/my_robot_bringup
