[0.014s] Invoking command in '/home/pranav/turtle_catcher/build/my_robot_interfaces': CMAKE_PREFIX_PATH=${CMAKE_PREFIX_PATH}:/home/pranav/turtle_catcher/install/turtle_catcher:/home/pranav/ws/install/mypkg:/home/pranav/learning_ws/install/mypkg:/opt/ros/humble /usr/bin/cmake /home/pranav/turtle_catcher/src/my_robot_interfaces -DCMAKE_INSTALL_PREFIX=/home/pranav/turtle_catcher/install/my_robot_interfaces
[0.027s] -- Found ament_cmake: 1.3.9 (/opt/ros/humble/share/ament_cmake/cmake)
[0.140s] -- Override CMake install command with custom implementation using symlinks instead of copying resources
[0.147s] -- Found rosidl_default_generators: 1.2.0 (/opt/ros/humble/share/rosidl_default_generators/cmake)
[0.149s] -- Using all available rosidl_typesupport_c: rosidl_typesupport_fastrtps_c;rosidl_typesupport_introspection_c
[0.152s] -- Found rosidl_adapter: 3.1.5 (/opt/ros/humble/share/rosidl_adapter/cmake)
[0.178s] -- Using all available rosidl_typesupport_cpp: rosidl_typesupport_fastrtps_cpp;rosidl_typesupport_introspection_cpp
[0.376s] [31mCMake Error at /opt/ros/humble/share/rosidl_adapter/cmake/rosidl_adapt_interfaces.cmake:59 (message):
[0.376s]   execute_process(/usr/bin/python3 -m rosidl_adapter --package-name
[0.376s]   my_robot_interfaces --arguments-file
[0.376s]   /home/pranav/turtle_catcher/build/my_robot_interfaces/rosidl_adapter__arguments__my_robot_interfaces.json
[0.376s]   --output-dir
[0.376s]   /home/pranav/turtle_catcher/build/my_robot_interfaces/rosidl_adapter/my_robot_interfaces
[0.376s]   --output-file
[0.376s]   /home/pranav/turtle_catcher/build/my_robot_interfaces/rosidl_adapter/my_robot_interfaces.idls)
[0.377s]   returned error code 1:
[0.377s] 
[0.377s]   Traceback (most recent call last):
[0.377s] 
[0.377s]     File "/usr/lib/python3.10/runpy.py", line 196, in _run_module_as_main
[0.377s]       return _run_code(code, main_globals, None,
[0.377s]     File "/usr/lib/python3.10/runpy.py", line 86, in _run_code
[0.377s]       exec(code, run_globals)
[0.377s]     File "/opt/ros/humble/local/lib/python3.10/dist-packages/rosidl_adapter/__main__.py", line 19, in <module>
[0.377s]       sys.exit(main())
[0.377s]     File "/opt/ros/humble/local/lib/python3.10/dist-packages/rosidl_adapter/main.py", line 53, in main
[0.377s]       abs_idl_file = convert_to_idl(
[0.377s]     File "/opt/ros/humble/local/lib/python3.10/dist-packages/rosidl_adapter/__init__.py", line 19, in convert_to_idl
[0.378s]       return convert_msg_to_idl(
[0.378s]     File "/opt/ros/humble/local/lib/python3.10/dist-packages/rosidl_adapter/msg/__init__.py", line 28, in convert_msg_to_idl
[0.378s]       msg = parse_message_string(package_name, input_file.stem, content)
[0.378s]     File "/opt/ros/humble/local/lib/python3.10/dist-packages/rosidl_adapter/parser.py", line 544, in parse_message_string
[0.378s]       msg = MessageSpecification(pkg_name, msg_name, fields, constants)
[0.378s]     File "/opt/ros/humble/local/lib/python3.10/dist-packages/rosidl_adapter/parser.py", line 388, in __init__
[0.378s]       self.base_type = BaseType(
[0.378s]     File "/opt/ros/humble/local/lib/python3.10/dist-packages/rosidl_adapter/parser.py", line 205, in __init__
[0.378s]       raise InvalidResourceName(
[0.378s] 
[0.378s]   rosidl_adapter.parser.InvalidResourceName: 'turtle' is an invalid message
[0.378s]   name.  It should have the pattern '^[A-Z][A-Za-z0-9]*$'
[0.378s] 
[0.378s] Call Stack (most recent call first):
[0.378s]   /opt/ros/humble/share/rosidl_cmake/cmake/rosidl_generate_interfaces.cmake:130 (rosidl_adapt_interfaces)
[0.379s]   CMakeLists.txt:17 (rosidl_generate_interfaces)
[0.379s] 
[0.379s] [0m
[0.379s] -- Configuring incomplete, errors occurred!
[0.379s] See also "/home/pranav/turtle_catcher/build/my_robot_interfaces/CMakeFiles/CMakeOutput.log".
[0.383s] Invoked command in '/home/pranav/turtle_catcher/build/my_robot_interfaces' returned '1': CMAKE_PREFIX_PATH=${CMAKE_PREFIX_PATH}:/home/pranav/turtle_catcher/install/turtle_catcher:/home/pranav/ws/install/mypkg:/home/pranav/learning_ws/install/mypkg:/opt/ros/humble /usr/bin/cmake /home/pranav/turtle_catcher/src/my_robot_interfaces -DCMAKE_INSTALL_PREFIX=/home/pranav/turtle_catcher/install/my_robot_interfaces
