[0.734s] Invoking command in '/home/pranav/turtle_catcher/build/turtle_catcher': PYTHONPATH=/home/pranav/turtle_catcher/build/turtle_catcher/prefix_override:/usr/lib/python3/dist-packages/colcon_core/task/python/colcon_distutils_commands:/home/pranav/turtle_catcher/install/turtle_catcher/lib/python3.10/site-packages:${PYTHONPATH} /usr/bin/python3 -W ignore:setup.py install is deprecated setup.py develop --editable --build-directory /home/pranav/turtle_catcher/build/turtle_catcher/build --no-deps symlink_data --force
[1.020s] running develop
[1.190s] running egg_info
[1.190s] writing turtle_catcher.egg-info/PKG-INFO
[1.191s] writing dependency_links to turtle_catcher.egg-info/dependency_links.txt
[1.192s] writing entry points to turtle_catcher.egg-info/entry_points.txt
[1.193s] writing requirements to turtle_catcher.egg-info/requires.txt
[1.194s] writing top-level names to turtle_catcher.egg-info/top_level.txt
[1.196s] reading manifest file 'turtle_catcher.egg-info/SOURCES.txt'
[1.197s] writing manifest file 'turtle_catcher.egg-info/SOURCES.txt'
[1.199s] running build_ext
[1.200s] Creating /home/pranav/turtle_catcher/install/turtle_catcher/lib/python3.10/site-packages/turtle-catcher.egg-link (link to .)
[1.201s] Installing turtle_catcher script to /home/pranav/turtle_catcher/install/turtle_catcher/lib/turtle_catcher
[1.202s] Installing turtle_spawner script to /home/pranav/turtle_catcher/install/turtle_catcher/lib/turtle_catcher
[1.203s] 
[1.203s] Installed /home/pranav/turtle_catcher/build/turtle_catcher
[1.203s] running symlink_data
[1.204s] symbolically linking /home/pranav/turtle_catcher/build/turtle_catcher/resource/turtle_catcher -> /home/pranav/turtle_catcher/install/turtle_catcher/share/ament_index/resource_index/packages
[1.205s] symbolically linking /home/pranav/turtle_catcher/build/turtle_catcher/package.xml -> /home/pranav/turtle_catcher/install/turtle_catcher/share/turtle_catcher
[1.231s] Invoked command in '/home/pranav/turtle_catcher/build/turtle_catcher' returned '0': PYTHONPATH=/home/pranav/turtle_catcher/build/turtle_catcher/prefix_override:/usr/lib/python3/dist-packages/colcon_core/task/python/colcon_distutils_commands:/home/pranav/turtle_catcher/install/turtle_catcher/lib/python3.10/site-packages:${PYTHONPATH} /usr/bin/python3 -W ignore:setup.py install is deprecated setup.py develop --editable --build-directory /home/pranav/turtle_catcher/build/turtle_catcher/build --no-deps symlink_data --force
