[0.736s] Invoking command in '/home/pranav/turtle_catcher/src/turtle_catcher': PYTHONPATH=/home/pranav/turtle_catcher/build/turtle_catcher/prefix_override:/usr/lib/python3/dist-packages/colcon_core/task/python/colcon_distutils_commands:/home/pranav/turtle_catcher/install/turtle_catcher/lib/python3.10/site-packages:${PYTHONPATH} /usr/bin/python3 -W ignore:setup.py install is deprecated setup.py egg_info --egg-base ../../build/turtle_catcher build --build-base /home/pranav/turtle_catcher/build/turtle_catcher/build install --record /home/pranav/turtle_catcher/build/turtle_catcher/install.log --single-version-externally-managed install_data
[0.963s] running egg_info
[0.964s] writing ../../build/turtle_catcher/turtle_catcher.egg-info/PKG-INFO
[0.965s] writing dependency_links to ../../build/turtle_catcher/turtle_catcher.egg-info/dependency_links.txt
[0.965s] writing entry points to ../../build/turtle_catcher/turtle_catcher.egg-info/entry_points.txt
[0.965s] writing requirements to ../../build/turtle_catcher/turtle_catcher.egg-info/requires.txt
[0.966s] writing top-level names to ../../build/turtle_catcher/turtle_catcher.egg-info/top_level.txt
[0.968s] reading manifest file '../../build/turtle_catcher/turtle_catcher.egg-info/SOURCES.txt'
[0.969s] writing manifest file '../../build/turtle_catcher/turtle_catcher.egg-info/SOURCES.txt'
[0.969s] running build
[0.969s] running build_py
[0.969s] running install
[0.970s] running install_lib
[0.971s] running install_data
[0.971s] running install_egg_info
[0.973s] removing '/home/pranav/turtle_catcher/install/turtle_catcher/lib/python3.10/site-packages/turtle_catcher-0.0.0-py3.10.egg-info' (and everything under it)
[0.982s] Copying ../../build/turtle_catcher/turtle_catcher.egg-info to /home/pranav/turtle_catcher/install/turtle_catcher/lib/python3.10/site-packages/turtle_catcher-0.0.0-py3.10.egg-info
[0.983s] running install_scripts
[1.001s] Installing turtle_catcher script to /home/pranav/turtle_catcher/install/turtle_catcher/lib/turtle_catcher
[1.001s] Installing turtle_spawner script to /home/pranav/turtle_catcher/install/turtle_catcher/lib/turtle_catcher
[1.002s] writing list of installed files to '/home/pranav/turtle_catcher/build/turtle_catcher/install.log'
[1.031s] Invoked command in '/home/pranav/turtle_catcher/src/turtle_catcher' returned '0': PYTHONPATH=/home/pranav/turtle_catcher/build/turtle_catcher/prefix_override:/usr/lib/python3/dist-packages/colcon_core/task/python/colcon_distutils_commands:/home/pranav/turtle_catcher/install/turtle_catcher/lib/python3.10/site-packages:${PYTHONPATH} /usr/bin/python3 -W ignore:setup.py install is deprecated setup.py egg_info --egg-base ../../build/turtle_catcher build --build-base /home/pranav/turtle_catcher/build/turtle_catcher/build install --record /home/pranav/turtle_catcher/build/turtle_catcher/install.log --single-version-externally-managed install_data
