running develop
running egg_info
creating turtle_catcher.egg-info
writing turtle_catcher.egg-info/PKG-INFO
writing dependency_links to turtle_catcher.egg-info/dependency_links.txt
writing entry points to turtle_catcher.egg-info/entry_points.txt
writing requirements to turtle_catcher.egg-info/requires.txt
writing top-level names to turtle_catcher.egg-info/top_level.txt
writing manifest file 'turtle_catcher.egg-info/SOURCES.txt'
reading manifest file 'turtle_catcher.egg-info/SOURCES.txt'
writing manifest file 'turtle_catcher.egg-info/SOURCES.txt'
running build_ext
Creating /home/pranav/turtle_catcher/install/turtle_catcher/lib/python3.10/site-packages/turtle-catcher.egg-link (link to .)

Installed /home/pranav/turtle_catcher/build/turtle_catcher
running symlink_data
creating /home/pranav/turtle_catcher/install/turtle_catcher/share/ament_index
creating /home/pranav/turtle_catcher/install/turtle_catcher/share/ament_index/resource_index
creating /home/pranav/turtle_catcher/install/turtle_catcher/share/ament_index/resource_index/packages
symbolically linking /home/pranav/turtle_catcher/build/turtle_catcher/resource/turtle_catcher -> /home/pranav/turtle_catcher/install/turtle_catcher/share/ament_index/resource_index/packages
symbolically linking /home/pranav/turtle_catcher/build/turtle_catcher/package.xml -> /home/pranav/turtle_catcher/install/turtle_catcher/share/turtle_catcher
