[0.021s] Invoking command in '/home/pranav/turtle_catcher/build/my_robot_interfaces': CMAKE_PREFIX_PATH=${CMAKE_PREFIX_PATH}:/home/pranav/turtle_catcher/install/turtle_catcher:/home/pranav/ws/install/mypkg:/home/pranav/learning_ws/install/mypkg:/opt/ros/humble /usr/bin/cmake /home/pranav/turtle_catcher/src/my_robot_interfaces -DAMENT_CMAKE_SYMLINK_INSTALL=1 -DCMAKE_INSTALL_PREFIX=/home/pranav/turtle_catcher/install/my_robot_interfaces
[0.079s] -- The C compiler identification is GNU 11.4.0
[0.157s] -- The CXX compiler identification is GNU 11.4.0
[0.164s] -- Detecting C compiler ABI info
[0.260s] -- Detecting C compiler ABI info - done
[0.265s] -- Check for working C compiler: /usr/bin/cc - skipped
[0.266s] -- Detecting C compile features
[0.266s] -- Detecting C compile features - done
[0.269s] -- Detecting CXX compiler ABI info
[0.376s] -- Detecting CXX compiler ABI info - done
[0.380s] -- Check for working CXX compiler: /usr/bin/c++ - skipped
[0.380s] -- Detecting CXX compile features
[0.382s] -- Detecting CXX compile features - done
[0.384s] -- Found ament_cmake: 1.3.9 (/opt/ros/humble/share/ament_cmake/cmake)
[0.566s] -- Found Python3: /usr/bin/python3 (found version "3.10.12") found components: Interpreter 
[0.637s] -- Override CMake install command with custom implementation using symlinks instead of copying resources
[0.686s] -- Found rosidl_default_generators: 1.2.0 (/opt/ros/humble/share/rosidl_default_generators/cmake)
[0.692s] -- Using all available rosidl_typesupport_c: rosidl_typesupport_fastrtps_c;rosidl_typesupport_introspection_c
[0.704s] -- Found rosidl_adapter: 3.1.5 (/opt/ros/humble/share/rosidl_adapter/cmake)
[0.769s] -- Using all available rosidl_typesupport_cpp: rosidl_typesupport_fastrtps_cpp;rosidl_typesupport_introspection_cpp
[1.146s] -- Found ament_cmake_ros: 0.10.0 (/opt/ros/humble/share/ament_cmake_ros/cmake)
[1.354s] -- Using all available rosidl_typesupport_c: rosidl_typesupport_fastrtps_c;rosidl_typesupport_introspection_c
[1.586s] -- Using all available rosidl_typesupport_cpp: rosidl_typesupport_fastrtps_cpp;rosidl_typesupport_introspection_cpp
[1.608s] -- Found PythonInterp: /usr/bin/python3 (found suitable version "3.10.12", minimum required is "3.6") 
[1.610s] -- Found python_cmake_module: 0.10.0 (/opt/ros/humble/share/python_cmake_module/cmake)
[1.636s] -- Found PythonLibs: /usr/lib/x86_64-linux-gnu/libpython3.10.so (found suitable version "3.10.12", minimum required is "3.5") 
[1.637s] -- Using PYTHON_EXECUTABLE: /usr/bin/python3
[1.638s] -- Using PYTHON_INCLUDE_DIRS: /usr/include/python3.10
[1.638s] -- Using PYTHON_LIBRARIES: /usr/lib/x86_64-linux-gnu/libpython3.10.so
[1.661s] -- Found PythonExtra: .so  
[1.713s] -- Configuring done
[1.766s] -- Generating done
[1.770s] -- Build files have been written to: /home/pranav/turtle_catcher/build/my_robot_interfaces
[1.779s] Invoked command in '/home/pranav/turtle_catcher/build/my_robot_interfaces' returned '0': CMAKE_PREFIX_PATH=${CMAKE_PREFIX_PATH}:/home/pranav/turtle_catcher/install/turtle_catcher:/home/pranav/ws/install/mypkg:/home/pranav/learning_ws/install/mypkg:/opt/ros/humble /usr/bin/cmake /home/pranav/turtle_catcher/src/my_robot_interfaces -DAMENT_CMAKE_SYMLINK_INSTALL=1 -DCMAKE_INSTALL_PREFIX=/home/pranav/turtle_catcher/install/my_robot_interfaces
[1.782s] Invoking command in '/home/pranav/turtle_catcher/build/my_robot_interfaces': CMAKE_PREFIX_PATH=${CMAKE_PREFIX_PATH}:/home/pranav/turtle_catcher/install/turtle_catcher:/home/pranav/ws/install/mypkg:/home/pranav/learning_ws/install/mypkg:/opt/ros/humble /usr/bin/cmake --build /home/pranav/turtle_catcher/build/my_robot_interfaces -- -j4 -l4
[1.826s] [  1%] [34m[1mGenerating C code for ROS interfaces[0m
[1.837s] [  3%] [34m[1mGenerating C++ code for ROS interfaces[0m
[1.849s] [  3%] Built target ament_cmake_python_symlink_my_robot_interfaces
[2.129s] running egg_info
[2.130s] creating my_robot_interfaces.egg-info
[2.130s] writing my_robot_interfaces.egg-info/PKG-INFO
[2.130s] writing dependency_links to my_robot_interfaces.egg-info/dependency_links.txt
[2.131s] writing top-level names to my_robot_interfaces.egg-info/top_level.txt
[2.131s] writing manifest file 'my_robot_interfaces.egg-info/SOURCES.txt'
[2.132s] reading manifest file 'my_robot_interfaces.egg-info/SOURCES.txt'
[2.133s] writing manifest file 'my_robot_interfaces.egg-info/SOURCES.txt'
[2.159s] [  3%] Built target ament_cmake_python_build_my_robot_interfaces_egg
[2.360s] [  3%] Built target my_robot_interfaces__cpp
[2.375s] [  5%] [34m[1mGenerating C++ introspection for ROS interfaces[0m
[2.375s] [  9%] [34m[1mGenerating C++ type support dispatch for ROS interfaces[0m
[2.376s] [  9%] [34m[1mGenerating C++ type support for eProsima Fast-RTPS[0m
[2.403s] [ 10%] [32mBuilding C object CMakeFiles/my_robot_interfaces__rosidl_generator_c.dir/rosidl_generator_c/my_robot_interfaces/msg/detail/hardware_status__functions.c.o[0m
[2.466s] [ 12%] [32mBuilding C object CMakeFiles/my_robot_interfaces__rosidl_generator_c.dir/rosidl_generator_c/my_robot_interfaces/msg/detail/led_state_array__functions.c.o[0m
[2.517s] [ 14%] [32mBuilding C object CMakeFiles/my_robot_interfaces__rosidl_generator_c.dir/rosidl_generator_c/my_robot_interfaces/srv/detail/compute_rectangle_area__functions.c.o[0m
[2.573s] [ 16%] [32mBuilding C object CMakeFiles/my_robot_interfaces__rosidl_generator_c.dir/rosidl_generator_c/my_robot_interfaces/srv/detail/set_led__functions.c.o[0m
[2.627s] [ 18%] [32m[1mLinking C shared library libmy_robot_interfaces__rosidl_generator_c.so[0m
[2.721s] [ 18%] Built target my_robot_interfaces__rosidl_generator_c
[2.746s] [ 20%] [34m[1mGenerating C type support for eProsima Fast-RTPS[0m
[2.841s] [ 21%] [32mBuilding CXX object CMakeFiles/my_robot_interfaces__rosidl_typesupport_cpp.dir/rosidl_typesupport_cpp/my_robot_interfaces/msg/hardware_status__type_support.cpp.o[0m
[2.953s] [ 23%] [32mBuilding CXX object CMakeFiles/my_robot_interfaces__rosidl_typesupport_introspection_cpp.dir/rosidl_typesupport_introspection_cpp/my_robot_interfaces/msg/detail/hardware_status__type_support.cpp.o[0m
[3.127s] [ 25%] [32mBuilding CXX object CMakeFiles/my_robot_interfaces__rosidl_typesupport_fastrtps_cpp.dir/rosidl_typesupport_fastrtps_cpp/my_robot_interfaces/msg/detail/dds_fastrtps/hardware_status__type_support.cpp.o[0m
[3.625s] [ 27%] [32mBuilding CXX object CMakeFiles/my_robot_interfaces__rosidl_typesupport_cpp.dir/rosidl_typesupport_cpp/my_robot_interfaces/msg/led_state_array__type_support.cpp.o[0m
[3.656s] [ 29%] [32mBuilding CXX object CMakeFiles/my_robot_interfaces__rosidl_typesupport_fastrtps_c.dir/rosidl_typesupport_fastrtps_c/my_robot_interfaces/msg/detail/hardware_status__type_support_c.cpp.o[0m
[4.189s] [ 30%] [32mBuilding CXX object CMakeFiles/my_robot_interfaces__rosidl_typesupport_introspection_cpp.dir/rosidl_typesupport_introspection_cpp/my_robot_interfaces/msg/detail/led_state_array__type_support.cpp.o[0m
[4.227s] [ 32%] [32mBuilding CXX object CMakeFiles/my_robot_interfaces__rosidl_typesupport_fastrtps_cpp.dir/rosidl_typesupport_fastrtps_cpp/my_robot_interfaces/msg/detail/dds_fastrtps/led_state_array__type_support.cpp.o[0m
[4.279s] [ 34%] [32mBuilding CXX object CMakeFiles/my_robot_interfaces__rosidl_typesupport_cpp.dir/rosidl_typesupport_cpp/my_robot_interfaces/srv/compute_rectangle_area__type_support.cpp.o[0m
[4.461s] [ 36%] [32mBuilding CXX object CMakeFiles/my_robot_interfaces__rosidl_typesupport_fastrtps_c.dir/rosidl_typesupport_fastrtps_c/my_robot_interfaces/msg/detail/led_state_array__type_support_c.cpp.o[0m
[4.682s] [ 38%] [32mBuilding CXX object CMakeFiles/my_robot_interfaces__rosidl_typesupport_introspection_cpp.dir/rosidl_typesupport_introspection_cpp/my_robot_interfaces/srv/detail/compute_rectangle_area__type_support.cpp.o[0m
[4.799s] [ 40%] [32mBuilding CXX object CMakeFiles/my_robot_interfaces__rosidl_typesupport_cpp.dir/rosidl_typesupport_cpp/my_robot_interfaces/srv/set_led__type_support.cpp.o[0m
[4.975s] [ 41%] [32mBuilding CXX object CMakeFiles/my_robot_interfaces__rosidl_typesupport_fastrtps_cpp.dir/rosidl_typesupport_fastrtps_cpp/my_robot_interfaces/srv/detail/dds_fastrtps/compute_rectangle_area__type_support.cpp.o[0m
[5.043s] [ 43%] [32mBuilding CXX object CMakeFiles/my_robot_interfaces__rosidl_typesupport_fastrtps_c.dir/rosidl_typesupport_fastrtps_c/my_robot_interfaces/srv/detail/compute_rectangle_area__type_support_c.cpp.o[0m
[5.167s] [ 45%] [32mBuilding CXX object CMakeFiles/my_robot_interfaces__rosidl_typesupport_introspection_cpp.dir/rosidl_typesupport_introspection_cpp/my_robot_interfaces/srv/detail/set_led__type_support.cpp.o[0m
[5.182s] [ 47%] [32m[1mLinking CXX shared library libmy_robot_interfaces__rosidl_typesupport_cpp.so[0m
[5.349s] [ 47%] Built target my_robot_interfaces__rosidl_typesupport_cpp
[5.369s] [ 49%] [34m[1mGenerating C introspection for ROS interfaces[0m
[5.509s] [ 50%] [32mBuilding CXX object CMakeFiles/my_robot_interfaces__rosidl_typesupport_fastrtps_c.dir/rosidl_typesupport_fastrtps_c/my_robot_interfaces/srv/detail/set_led__type_support_c.cpp.o[0m
[5.743s] [ 52%] [32mBuilding CXX object CMakeFiles/my_robot_interfaces__rosidl_typesupport_fastrtps_cpp.dir/rosidl_typesupport_fastrtps_cpp/my_robot_interfaces/srv/detail/dds_fastrtps/set_led__type_support.cpp.o[0m
[5.758s] [ 54%] [32m[1mLinking CXX shared library libmy_robot_interfaces__rosidl_typesupport_introspection_cpp.so[0m
[5.952s] [ 54%] Built target my_robot_interfaces__rosidl_typesupport_introspection_cpp
[5.985s] [ 56%] [34m[1mGenerating C type support dispatch for ROS interfaces[0m
[6.068s] [ 58%] [32m[1mLinking CXX shared library libmy_robot_interfaces__rosidl_typesupport_fastrtps_c.so[0m
[6.207s] [ 60%] [32mBuilding C object CMakeFiles/my_robot_interfaces__rosidl_typesupport_introspection_c.dir/rosidl_typesupport_introspection_c/my_robot_interfaces/msg/detail/hardware_status__type_support.c.o[0m
[6.221s] [ 60%] Built target my_robot_interfaces__rosidl_typesupport_fastrtps_c
[6.261s] [ 61%] [32mBuilding C object CMakeFiles/my_robot_interfaces__rosidl_typesupport_introspection_c.dir/rosidl_typesupport_introspection_c/my_robot_interfaces/msg/detail/led_state_array__type_support.c.o[0m
[6.317s] [ 63%] [32mBuilding C object CMakeFiles/my_robot_interfaces__rosidl_typesupport_introspection_c.dir/rosidl_typesupport_introspection_c/my_robot_interfaces/srv/detail/compute_rectangle_area__type_support.c.o[0m
[6.324s] [ 65%] [32mBuilding C object CMakeFiles/my_robot_interfaces__rosidl_typesupport_introspection_c.dir/rosidl_typesupport_introspection_c/my_robot_interfaces/srv/detail/set_led__type_support.c.o[0m
[6.375s] [ 67%] [32m[1mLinking C shared library libmy_robot_interfaces__rosidl_typesupport_introspection_c.so[0m
[6.375s] [ 69%] [32m[1mLinking CXX shared library libmy_robot_interfaces__rosidl_typesupport_fastrtps_cpp.so[0m
[6.425s] [ 69%] Built target my_robot_interfaces__rosidl_typesupport_introspection_c
[6.441s] [ 70%] [32mBuilding CXX object CMakeFiles/my_robot_interfaces__rosidl_typesupport_c.dir/rosidl_typesupport_c/my_robot_interfaces/msg/hardware_status__type_support.cpp.o[0m
[6.452s] [ 72%] [32mBuilding CXX object CMakeFiles/my_robot_interfaces__rosidl_typesupport_c.dir/rosidl_typesupport_c/my_robot_interfaces/srv/compute_rectangle_area__type_support.cpp.o[0m
[6.468s] [ 74%] [32mBuilding CXX object CMakeFiles/my_robot_interfaces__rosidl_typesupport_c.dir/rosidl_typesupport_c/my_robot_interfaces/msg/led_state_array__type_support.cpp.o[0m
[6.493s] [ 76%] [32mBuilding CXX object CMakeFiles/my_robot_interfaces__rosidl_typesupport_c.dir/rosidl_typesupport_c/my_robot_interfaces/srv/set_led__type_support.cpp.o[0m
[6.522s] [ 76%] Built target my_robot_interfaces__rosidl_typesupport_fastrtps_cpp
[6.538s] [ 78%] [32m[1mLinking CXX shared library libmy_robot_interfaces__rosidl_typesupport_c.so[0m
[6.584s] [ 78%] Built target my_robot_interfaces__rosidl_typesupport_c
[6.613s] [ 78%] Built target my_robot_interfaces
[6.638s] [ 80%] [34m[1mGenerating Python code for ROS interfaces[0m
[7.180s] [ 80%] Built target my_robot_interfaces__py
[7.206s] [ 81%] [32mBuilding C object CMakeFiles/my_robot_interfaces__rosidl_generator_py.dir/rosidl_generator_py/my_robot_interfaces/msg/_hardware_status_s.c.o[0m
[7.209s] [ 83%] [32mBuilding C object CMakeFiles/my_robot_interfaces__rosidl_generator_py.dir/rosidl_generator_py/my_robot_interfaces/msg/_led_state_array_s.c.o[0m
[7.211s] [ 85%] [32mBuilding C object CMakeFiles/my_robot_interfaces__rosidl_generator_py.dir/rosidl_generator_py/my_robot_interfaces/srv/_compute_rectangle_area_s.c.o[0m
[7.213s] [ 87%] [32mBuilding C object CMakeFiles/my_robot_interfaces__rosidl_generator_py.dir/rosidl_generator_py/my_robot_interfaces/srv/_set_led_s.c.o[0m
[7.387s] [ 89%] [32m[1mLinking C shared library rosidl_generator_py/my_robot_interfaces/libmy_robot_interfaces__rosidl_generator_py.so[0m
[7.440s] [ 89%] Built target my_robot_interfaces__rosidl_generator_py
[7.468s] [ 92%] [32mBuilding C object CMakeFiles/my_robot_interfaces__rosidl_typesupport_fastrtps_c__pyext.dir/rosidl_generator_py/my_robot_interfaces/_my_robot_interfaces_s.ep.rosidl_typesupport_fastrtps_c.c.o[0m
[7.468s] [ 92%] [32mBuilding C object CMakeFiles/my_robot_interfaces__rosidl_typesupport_introspection_c__pyext.dir/rosidl_generator_py/my_robot_interfaces/_my_robot_interfaces_s.ep.rosidl_typesupport_introspection_c.c.o[0m
[7.472s] [ 94%] [32mBuilding C object CMakeFiles/my_robot_interfaces__rosidl_typesupport_c__pyext.dir/rosidl_generator_py/my_robot_interfaces/_my_robot_interfaces_s.ep.rosidl_typesupport_c.c.o[0m
[7.613s] [ 96%] [32m[1mLinking C shared library rosidl_generator_py/my_robot_interfaces/my_robot_interfaces_s__rosidl_typesupport_introspection_c.cpython-310-x86_64-linux-gnu.so[0m
[7.625s] [ 98%] [32m[1mLinking C shared library rosidl_generator_py/my_robot_interfaces/my_robot_interfaces_s__rosidl_typesupport_fastrtps_c.cpython-310-x86_64-linux-gnu.so[0m
[7.629s] [100%] [32m[1mLinking C shared library rosidl_generator_py/my_robot_interfaces/my_robot_interfaces_s__rosidl_typesupport_c.cpython-310-x86_64-linux-gnu.so[0m
[7.676s] [100%] Built target my_robot_interfaces__rosidl_typesupport_c__pyext
[7.682s] [100%] Built target my_robot_interfaces__rosidl_typesupport_introspection_c__pyext
[7.691s] [100%] Built target my_robot_interfaces__rosidl_typesupport_fastrtps_c__pyext
[7.712s] Invoked command in '/home/pranav/turtle_catcher/build/my_robot_interfaces' returned '0': CMAKE_PREFIX_PATH=${CMAKE_PREFIX_PATH}:/home/pranav/turtle_catcher/install/turtle_catcher:/home/pranav/ws/install/mypkg:/home/pranav/learning_ws/install/mypkg:/opt/ros/humble /usr/bin/cmake --build /home/pranav/turtle_catcher/build/my_robot_interfaces -- -j4 -l4
[7.892s] Invoking command in '/home/pranav/turtle_catcher/build/my_robot_interfaces': CMAKE_PREFIX_PATH=${CMAKE_PREFIX_PATH}:/home/pranav/turtle_catcher/install/turtle_catcher:/home/pranav/ws/install/mypkg:/home/pranav/learning_ws/install/mypkg:/opt/ros/humble /usr/bin/cmake --install /home/pranav/turtle_catcher/build/my_robot_interfaces
[7.902s] -- Install configuration: ""
[7.903s] -- Execute custom install script
[7.904s] -- Symlinking: /home/pranav/turtle_catcher/install/my_robot_interfaces/share/ament_index/resource_index/rosidl_interfaces/my_robot_interfaces
[7.919s] -- Symlinking: /home/pranav/turtle_catcher/install/my_robot_interfaces/include/my_robot_interfaces/my_robot_interfaces/msg/detail/hardware_status__functions.h
[7.930s] -- Symlinking: /home/pranav/turtle_catcher/install/my_robot_interfaces/include/my_robot_interfaces/my_robot_interfaces/msg/detail/hardware_status__struct.h
[7.941s] -- Symlinking: /home/pranav/turtle_catcher/install/my_robot_interfaces/include/my_robot_interfaces/my_robot_interfaces/msg/detail/hardware_status__type_support.h
[7.952s] -- Symlinking: /home/pranav/turtle_catcher/install/my_robot_interfaces/include/my_robot_interfaces/my_robot_interfaces/msg/detail/led_state_array__functions.h
[7.966s] -- Symlinking: /home/pranav/turtle_catcher/install/my_robot_interfaces/include/my_robot_interfaces/my_robot_interfaces/msg/detail/led_state_array__struct.h
[7.976s] -- Symlinking: /home/pranav/turtle_catcher/install/my_robot_interfaces/include/my_robot_interfaces/my_robot_interfaces/msg/detail/led_state_array__type_support.h
[7.985s] -- Symlinking: /home/pranav/turtle_catcher/install/my_robot_interfaces/include/my_robot_interfaces/my_robot_interfaces/msg/hardware_status.h
[7.998s] -- Symlinking: /home/pranav/turtle_catcher/install/my_robot_interfaces/include/my_robot_interfaces/my_robot_interfaces/msg/led_state_array.h
[8.009s] -- Symlinking: /home/pranav/turtle_catcher/install/my_robot_interfaces/include/my_robot_interfaces/my_robot_interfaces/msg/rosidl_generator_c__visibility_control.h
[8.020s] -- Symlinking: /home/pranav/turtle_catcher/install/my_robot_interfaces/include/my_robot_interfaces/my_robot_interfaces/srv/compute_rectangle_area.h
[8.030s] -- Symlinking: /home/pranav/turtle_catcher/install/my_robot_interfaces/include/my_robot_interfaces/my_robot_interfaces/srv/detail/compute_rectangle_area__functions.h
[8.041s] -- Symlinking: /home/pranav/turtle_catcher/install/my_robot_interfaces/include/my_robot_interfaces/my_robot_interfaces/srv/detail/compute_rectangle_area__struct.h
[8.055s] -- Symlinking: /home/pranav/turtle_catcher/install/my_robot_interfaces/include/my_robot_interfaces/my_robot_interfaces/srv/detail/compute_rectangle_area__type_support.h
[8.068s] -- Symlinking: /home/pranav/turtle_catcher/install/my_robot_interfaces/include/my_robot_interfaces/my_robot_interfaces/srv/detail/set_led__functions.h
[8.079s] -- Symlinking: /home/pranav/turtle_catcher/install/my_robot_interfaces/include/my_robot_interfaces/my_robot_interfaces/srv/detail/set_led__struct.h
[8.095s] -- Symlinking: /home/pranav/turtle_catcher/install/my_robot_interfaces/include/my_robot_interfaces/my_robot_interfaces/srv/detail/set_led__type_support.h
[8.106s] -- Symlinking: /home/pranav/turtle_catcher/install/my_robot_interfaces/include/my_robot_interfaces/my_robot_interfaces/srv/set_led.h
[8.117s] -- Symlinking: /home/pranav/turtle_catcher/install/my_robot_interfaces/share/my_robot_interfaces/environment/library_path.sh
[8.127s] -- Symlinking: /home/pranav/turtle_catcher/install/my_robot_interfaces/share/my_robot_interfaces/environment/library_path.dsv
[8.137s] -- Symlinking: /home/pranav/turtle_catcher/install/my_robot_interfaces/include/my_robot_interfaces/my_robot_interfaces/msg/detail/hardware_status__rosidl_typesupport_fastrtps_c.h
[8.147s] -- Symlinking: /home/pranav/turtle_catcher/install/my_robot_interfaces/include/my_robot_interfaces/my_robot_interfaces/msg/detail/led_state_array__rosidl_typesupport_fastrtps_c.h
[8.157s] -- Symlinking: /home/pranav/turtle_catcher/install/my_robot_interfaces/include/my_robot_interfaces/my_robot_interfaces/msg/rosidl_typesupport_fastrtps_c__visibility_control.h
[8.167s] -- Symlinking: /home/pranav/turtle_catcher/install/my_robot_interfaces/include/my_robot_interfaces/my_robot_interfaces/srv/detail/compute_rectangle_area__rosidl_typesupport_fastrtps_c.h
[8.182s] -- Symlinking: /home/pranav/turtle_catcher/install/my_robot_interfaces/include/my_robot_interfaces/my_robot_interfaces/srv/detail/set_led__rosidl_typesupport_fastrtps_c.h
[8.197s] -- Symlinking: /home/pranav/turtle_catcher/install/my_robot_interfaces/include/my_robot_interfaces/my_robot_interfaces/msg/detail/hardware_status__rosidl_typesupport_introspection_c.h
[8.210s] -- Symlinking: /home/pranav/turtle_catcher/install/my_robot_interfaces/include/my_robot_interfaces/my_robot_interfaces/msg/detail/led_state_array__rosidl_typesupport_introspection_c.h
[8.225s] -- Symlinking: /home/pranav/turtle_catcher/install/my_robot_interfaces/include/my_robot_interfaces/my_robot_interfaces/msg/rosidl_typesupport_introspection_c__visibility_control.h
[8.235s] -- Symlinking: /home/pranav/turtle_catcher/install/my_robot_interfaces/include/my_robot_interfaces/my_robot_interfaces/srv/detail/compute_rectangle_area__rosidl_typesupport_introspection_c.h
[8.248s] -- Symlinking: /home/pranav/turtle_catcher/install/my_robot_interfaces/include/my_robot_interfaces/my_robot_interfaces/srv/detail/set_led__rosidl_typesupport_introspection_c.h
[8.258s] -- Symlinking: /home/pranav/turtle_catcher/install/my_robot_interfaces/include/my_robot_interfaces/my_robot_interfaces/msg/detail/hardware_status__builder.hpp
[8.268s] -- Symlinking: /home/pranav/turtle_catcher/install/my_robot_interfaces/include/my_robot_interfaces/my_robot_interfaces/msg/detail/hardware_status__struct.hpp
[8.278s] -- Symlinking: /home/pranav/turtle_catcher/install/my_robot_interfaces/include/my_robot_interfaces/my_robot_interfaces/msg/detail/hardware_status__traits.hpp
[8.287s] -- Symlinking: /home/pranav/turtle_catcher/install/my_robot_interfaces/include/my_robot_interfaces/my_robot_interfaces/msg/detail/led_state_array__builder.hpp
[8.299s] -- Symlinking: /home/pranav/turtle_catcher/install/my_robot_interfaces/include/my_robot_interfaces/my_robot_interfaces/msg/detail/led_state_array__struct.hpp
[8.310s] -- Symlinking: /home/pranav/turtle_catcher/install/my_robot_interfaces/include/my_robot_interfaces/my_robot_interfaces/msg/detail/led_state_array__traits.hpp
[8.320s] -- Symlinking: /home/pranav/turtle_catcher/install/my_robot_interfaces/include/my_robot_interfaces/my_robot_interfaces/msg/hardware_status.hpp
[8.331s] -- Symlinking: /home/pranav/turtle_catcher/install/my_robot_interfaces/include/my_robot_interfaces/my_robot_interfaces/msg/led_state_array.hpp
[8.340s] -- Symlinking: /home/pranav/turtle_catcher/install/my_robot_interfaces/include/my_robot_interfaces/my_robot_interfaces/srv/compute_rectangle_area.hpp
[8.351s] -- Symlinking: /home/pranav/turtle_catcher/install/my_robot_interfaces/include/my_robot_interfaces/my_robot_interfaces/srv/detail/compute_rectangle_area__builder.hpp
[8.361s] -- Symlinking: /home/pranav/turtle_catcher/install/my_robot_interfaces/include/my_robot_interfaces/my_robot_interfaces/srv/detail/compute_rectangle_area__struct.hpp
[8.371s] -- Symlinking: /home/pranav/turtle_catcher/install/my_robot_interfaces/include/my_robot_interfaces/my_robot_interfaces/srv/detail/compute_rectangle_area__traits.hpp
[8.381s] -- Symlinking: /home/pranav/turtle_catcher/install/my_robot_interfaces/include/my_robot_interfaces/my_robot_interfaces/srv/detail/set_led__builder.hpp
[8.396s] -- Symlinking: /home/pranav/turtle_catcher/install/my_robot_interfaces/include/my_robot_interfaces/my_robot_interfaces/srv/detail/set_led__struct.hpp
[8.409s] -- Symlinking: /home/pranav/turtle_catcher/install/my_robot_interfaces/include/my_robot_interfaces/my_robot_interfaces/srv/detail/set_led__traits.hpp
[8.420s] -- Symlinking: /home/pranav/turtle_catcher/install/my_robot_interfaces/include/my_robot_interfaces/my_robot_interfaces/srv/set_led.hpp
[8.431s] -- Symlinking: /home/pranav/turtle_catcher/install/my_robot_interfaces/include/my_robot_interfaces/my_robot_interfaces/msg/detail/hardware_status__rosidl_typesupport_fastrtps_cpp.hpp
[8.441s] -- Symlinking: /home/pranav/turtle_catcher/install/my_robot_interfaces/include/my_robot_interfaces/my_robot_interfaces/msg/detail/led_state_array__rosidl_typesupport_fastrtps_cpp.hpp
[8.452s] -- Symlinking: /home/pranav/turtle_catcher/install/my_robot_interfaces/include/my_robot_interfaces/my_robot_interfaces/msg/rosidl_typesupport_fastrtps_cpp__visibility_control.h
[8.464s] -- Symlinking: /home/pranav/turtle_catcher/install/my_robot_interfaces/include/my_robot_interfaces/my_robot_interfaces/srv/detail/compute_rectangle_area__rosidl_typesupport_fastrtps_cpp.hpp
[8.475s] -- Symlinking: /home/pranav/turtle_catcher/install/my_robot_interfaces/include/my_robot_interfaces/my_robot_interfaces/srv/detail/set_led__rosidl_typesupport_fastrtps_cpp.hpp
[8.485s] -- Symlinking: /home/pranav/turtle_catcher/install/my_robot_interfaces/include/my_robot_interfaces/my_robot_interfaces/msg/detail/hardware_status__rosidl_typesupport_introspection_cpp.hpp
[8.495s] -- Symlinking: /home/pranav/turtle_catcher/install/my_robot_interfaces/include/my_robot_interfaces/my_robot_interfaces/msg/detail/led_state_array__rosidl_typesupport_introspection_cpp.hpp
[8.506s] -- Symlinking: /home/pranav/turtle_catcher/install/my_robot_interfaces/include/my_robot_interfaces/my_robot_interfaces/srv/detail/compute_rectangle_area__rosidl_typesupport_introspection_cpp.hpp
[8.517s] -- Symlinking: /home/pranav/turtle_catcher/install/my_robot_interfaces/include/my_robot_interfaces/my_robot_interfaces/srv/detail/set_led__rosidl_typesupport_introspection_cpp.hpp
[8.527s] -- Symlinking: /home/pranav/turtle_catcher/install/my_robot_interfaces/share/my_robot_interfaces/environment/pythonpath.sh
[8.538s] -- Symlinking: /home/pranav/turtle_catcher/install/my_robot_interfaces/share/my_robot_interfaces/environment/pythonpath.dsv
[8.548s] -- Symlinking: /home/pranav/turtle_catcher/install/my_robot_interfaces/local/lib/python3.10/dist-packages/my_robot_interfaces-0.0.0-py3.10.egg-info/PKG-INFO
[8.558s] -- Symlinking: /home/pranav/turtle_catcher/install/my_robot_interfaces/local/lib/python3.10/dist-packages/my_robot_interfaces-0.0.0-py3.10.egg-info/SOURCES.txt
[8.569s] -- Symlinking: /home/pranav/turtle_catcher/install/my_robot_interfaces/local/lib/python3.10/dist-packages/my_robot_interfaces-0.0.0-py3.10.egg-info/dependency_links.txt
[8.579s] -- Symlinking: /home/pranav/turtle_catcher/install/my_robot_interfaces/local/lib/python3.10/dist-packages/my_robot_interfaces-0.0.0-py3.10.egg-info/top_level.txt
[8.589s] -- Symlinking: /home/pranav/turtle_catcher/install/my_robot_interfaces/local/lib/python3.10/dist-packages/my_robot_interfaces/__init__.py
[8.599s] -- Symlinking: /home/pranav/turtle_catcher/install/my_robot_interfaces/local/lib/python3.10/dist-packages/my_robot_interfaces/_my_robot_interfaces_s.ep.rosidl_typesupport_c.c
[8.610s] -- Symlinking: /home/pranav/turtle_catcher/install/my_robot_interfaces/local/lib/python3.10/dist-packages/my_robot_interfaces/_my_robot_interfaces_s.ep.rosidl_typesupport_fastrtps_c.c
[8.621s] -- Symlinking: /home/pranav/turtle_catcher/install/my_robot_interfaces/local/lib/python3.10/dist-packages/my_robot_interfaces/_my_robot_interfaces_s.ep.rosidl_typesupport_introspection_c.c
[8.631s] -- Symlinking: /home/pranav/turtle_catcher/install/my_robot_interfaces/local/lib/python3.10/dist-packages/my_robot_interfaces/libmy_robot_interfaces__rosidl_generator_py.so
[8.641s] -- Symlinking: /home/pranav/turtle_catcher/install/my_robot_interfaces/local/lib/python3.10/dist-packages/my_robot_interfaces/msg/__init__.py
[8.652s] -- Symlinking: /home/pranav/turtle_catcher/install/my_robot_interfaces/local/lib/python3.10/dist-packages/my_robot_interfaces/msg/_hardware_status.py
[8.664s] -- Symlinking: /home/pranav/turtle_catcher/install/my_robot_interfaces/local/lib/python3.10/dist-packages/my_robot_interfaces/msg/_hardware_status_s.c
[8.675s] -- Symlinking: /home/pranav/turtle_catcher/install/my_robot_interfaces/local/lib/python3.10/dist-packages/my_robot_interfaces/msg/_led_state_array.py
[8.685s] -- Symlinking: /home/pranav/turtle_catcher/install/my_robot_interfaces/local/lib/python3.10/dist-packages/my_robot_interfaces/msg/_led_state_array_s.c
[8.696s] -- Symlinking: /home/pranav/turtle_catcher/install/my_robot_interfaces/local/lib/python3.10/dist-packages/my_robot_interfaces/my_robot_interfaces_s__rosidl_typesupport_c.cpython-310-x86_64-linux-gnu.so
[8.707s] -- Symlinking: /home/pranav/turtle_catcher/install/my_robot_interfaces/local/lib/python3.10/dist-packages/my_robot_interfaces/my_robot_interfaces_s__rosidl_typesupport_fastrtps_c.cpython-310-x86_64-linux-gnu.so
[8.718s] -- Symlinking: /home/pranav/turtle_catcher/install/my_robot_interfaces/local/lib/python3.10/dist-packages/my_robot_interfaces/my_robot_interfaces_s__rosidl_typesupport_introspection_c.cpython-310-x86_64-linux-gnu.so
[8.729s] -- Symlinking: /home/pranav/turtle_catcher/install/my_robot_interfaces/local/lib/python3.10/dist-packages/my_robot_interfaces/srv/__init__.py
[8.740s] -- Symlinking: /home/pranav/turtle_catcher/install/my_robot_interfaces/local/lib/python3.10/dist-packages/my_robot_interfaces/srv/_compute_rectangle_area.py
[8.749s] -- Symlinking: /home/pranav/turtle_catcher/install/my_robot_interfaces/local/lib/python3.10/dist-packages/my_robot_interfaces/srv/_compute_rectangle_area_s.c
[8.759s] -- Symlinking: /home/pranav/turtle_catcher/install/my_robot_interfaces/local/lib/python3.10/dist-packages/my_robot_interfaces/srv/_set_led.py
[8.770s] -- Symlinking: /home/pranav/turtle_catcher/install/my_robot_interfaces/local/lib/python3.10/dist-packages/my_robot_interfaces/srv/_set_led_s.c
[8.781s] -- Up-to-date symlink: /home/pranav/turtle_catcher/install/my_robot_interfaces/local/lib/python3.10/dist-packages/my_robot_interfaces/my_robot_interfaces_s__rosidl_typesupport_fastrtps_c.cpython-310-x86_64-linux-gnu.so
[8.781s] -- Up-to-date symlink: /home/pranav/turtle_catcher/install/my_robot_interfaces/local/lib/python3.10/dist-packages/my_robot_interfaces/my_robot_interfaces_s__rosidl_typesupport_introspection_c.cpython-310-x86_64-linux-gnu.so
[8.782s] -- Up-to-date symlink: /home/pranav/turtle_catcher/install/my_robot_interfaces/local/lib/python3.10/dist-packages/my_robot_interfaces/my_robot_interfaces_s__rosidl_typesupport_c.cpython-310-x86_64-linux-gnu.so
[8.782s] -- Symlinking: /home/pranav/turtle_catcher/install/my_robot_interfaces/share/my_robot_interfaces/msg/HardwareStatus.idl
[8.793s] -- Symlinking: /home/pranav/turtle_catcher/install/my_robot_interfaces/share/my_robot_interfaces/msg/LedStateArray.idl
[8.804s] -- Symlinking: /home/pranav/turtle_catcher/install/my_robot_interfaces/share/my_robot_interfaces/srv/ComputeRectangleArea.idl
[8.815s] -- Symlinking: /home/pranav/turtle_catcher/install/my_robot_interfaces/share/my_robot_interfaces/srv/SetLed.idl
[8.825s] -- Symlinking: /home/pranav/turtle_catcher/install/my_robot_interfaces/share/my_robot_interfaces/msg/HardwareStatus.msg
[8.836s] -- Symlinking: /home/pranav/turtle_catcher/install/my_robot_interfaces/share/my_robot_interfaces/msg/LedStateArray.msg
[8.846s] -- Symlinking: /home/pranav/turtle_catcher/install/my_robot_interfaces/share/my_robot_interfaces/srv/ComputeRectangleArea.srv
[8.857s] -- Symlinking: /home/pranav/turtle_catcher/install/my_robot_interfaces/share/my_robot_interfaces/srv/ComputeRectangleArea_Request.msg
[8.870s] -- Symlinking: /home/pranav/turtle_catcher/install/my_robot_interfaces/share/my_robot_interfaces/srv/ComputeRectangleArea_Response.msg
[8.881s] -- Symlinking: /home/pranav/turtle_catcher/install/my_robot_interfaces/share/my_robot_interfaces/srv/SetLed.srv
[8.896s] -- Symlinking: /home/pranav/turtle_catcher/install/my_robot_interfaces/share/my_robot_interfaces/srv/SetLed_Request.msg
[8.909s] -- Symlinking: /home/pranav/turtle_catcher/install/my_robot_interfaces/share/my_robot_interfaces/srv/SetLed_Response.msg
[8.924s] -- Symlinking: /home/pranav/turtle_catcher/install/my_robot_interfaces/share/ament_index/resource_index/package_run_dependencies/my_robot_interfaces
[8.935s] -- Symlinking: /home/pranav/turtle_catcher/install/my_robot_interfaces/share/ament_index/resource_index/parent_prefix_path/my_robot_interfaces
[8.947s] -- Symlinking: /home/pranav/turtle_catcher/install/my_robot_interfaces/share/my_robot_interfaces/environment/ament_prefix_path.sh
[8.961s] -- Symlinking: /home/pranav/turtle_catcher/install/my_robot_interfaces/share/my_robot_interfaces/environment/ament_prefix_path.dsv
[8.971s] -- Symlinking: /home/pranav/turtle_catcher/install/my_robot_interfaces/share/my_robot_interfaces/environment/path.sh
[8.981s] -- Symlinking: /home/pranav/turtle_catcher/install/my_robot_interfaces/share/my_robot_interfaces/environment/path.dsv
[8.992s] -- Symlinking: /home/pranav/turtle_catcher/install/my_robot_interfaces/share/my_robot_interfaces/local_setup.bash
[9.002s] -- Symlinking: /home/pranav/turtle_catcher/install/my_robot_interfaces/share/my_robot_interfaces/local_setup.sh
[9.014s] -- Symlinking: /home/pranav/turtle_catcher/install/my_robot_interfaces/share/my_robot_interfaces/local_setup.zsh
[9.025s] -- Symlinking: /home/pranav/turtle_catcher/install/my_robot_interfaces/share/my_robot_interfaces/local_setup.dsv
[9.036s] -- Symlinking: /home/pranav/turtle_catcher/install/my_robot_interfaces/share/my_robot_interfaces/package.dsv
[9.046s] -- Symlinking: /home/pranav/turtle_catcher/install/my_robot_interfaces/share/ament_index/resource_index/packages/my_robot_interfaces
[9.057s] -- Symlinking: /home/pranav/turtle_catcher/install/my_robot_interfaces/share/my_robot_interfaces/cmake/rosidl_cmake-extras.cmake
[9.068s] -- Symlinking: /home/pranav/turtle_catcher/install/my_robot_interfaces/share/my_robot_interfaces/cmake/ament_cmake_export_include_directories-extras.cmake
[9.078s] -- Symlinking: /home/pranav/turtle_catcher/install/my_robot_interfaces/share/my_robot_interfaces/cmake/ament_cmake_export_libraries-extras.cmake
[9.090s] -- Symlinking: /home/pranav/turtle_catcher/install/my_robot_interfaces/share/my_robot_interfaces/cmake/ament_cmake_export_targets-extras.cmake
[9.101s] -- Symlinking: /home/pranav/turtle_catcher/install/my_robot_interfaces/share/my_robot_interfaces/cmake/rosidl_cmake_export_typesupport_targets-extras.cmake
[9.113s] -- Symlinking: /home/pranav/turtle_catcher/install/my_robot_interfaces/share/my_robot_interfaces/cmake/ament_cmake_export_dependencies-extras.cmake
[9.123s] -- Symlinking: /home/pranav/turtle_catcher/install/my_robot_interfaces/share/my_robot_interfaces/cmake/rosidl_cmake_export_typesupport_libraries-extras.cmake
[9.134s] -- Symlinking: /home/pranav/turtle_catcher/install/my_robot_interfaces/share/my_robot_interfaces/cmake/my_robot_interfacesConfig.cmake
[9.144s] -- Symlinking: /home/pranav/turtle_catcher/install/my_robot_interfaces/share/my_robot_interfaces/cmake/my_robot_interfacesConfig-version.cmake
[9.154s] -- Symlinking: /home/pranav/turtle_catcher/install/my_robot_interfaces/share/my_robot_interfaces/package.xml
[9.164s] -- Installing: /home/pranav/turtle_catcher/install/my_robot_interfaces/lib/libmy_robot_interfaces__rosidl_generator_c.so
[9.165s] -- Set runtime path of "/home/pranav/turtle_catcher/install/my_robot_interfaces/lib/libmy_robot_interfaces__rosidl_generator_c.so" to ""
[9.165s] -- Installing: /home/pranav/turtle_catcher/install/my_robot_interfaces/lib/libmy_robot_interfaces__rosidl_typesupport_fastrtps_c.so
[9.166s] -- Set runtime path of "/home/pranav/turtle_catcher/install/my_robot_interfaces/lib/libmy_robot_interfaces__rosidl_typesupport_fastrtps_c.so" to ""
[9.166s] -- Installing: /home/pranav/turtle_catcher/install/my_robot_interfaces/lib/libmy_robot_interfaces__rosidl_typesupport_introspection_c.so
[9.167s] -- Set runtime path of "/home/pranav/turtle_catcher/install/my_robot_interfaces/lib/libmy_robot_interfaces__rosidl_typesupport_introspection_c.so" to ""
[9.167s] -- Installing: /home/pranav/turtle_catcher/install/my_robot_interfaces/lib/libmy_robot_interfaces__rosidl_typesupport_c.so
[9.167s] -- Set runtime path of "/home/pranav/turtle_catcher/install/my_robot_interfaces/lib/libmy_robot_interfaces__rosidl_typesupport_c.so" to ""
[9.167s] -- Installing: /home/pranav/turtle_catcher/install/my_robot_interfaces/lib/libmy_robot_interfaces__rosidl_typesupport_fastrtps_cpp.so
[9.168s] -- Set runtime path of "/home/pranav/turtle_catcher/install/my_robot_interfaces/lib/libmy_robot_interfaces__rosidl_typesupport_fastrtps_cpp.so" to ""
[9.168s] -- Installing: /home/pranav/turtle_catcher/install/my_robot_interfaces/lib/libmy_robot_interfaces__rosidl_typesupport_introspection_cpp.so
[9.169s] -- Set runtime path of "/home/pranav/turtle_catcher/install/my_robot_interfaces/lib/libmy_robot_interfaces__rosidl_typesupport_introspection_cpp.so" to ""
[9.169s] -- Installing: /home/pranav/turtle_catcher/install/my_robot_interfaces/lib/libmy_robot_interfaces__rosidl_typesupport_cpp.so
[9.169s] -- Set runtime path of "/home/pranav/turtle_catcher/install/my_robot_interfaces/lib/libmy_robot_interfaces__rosidl_typesupport_cpp.so" to ""
[9.212s] Listing '/home/pranav/turtle_catcher/install/my_robot_interfaces/local/lib/python3.10/dist-packages/my_robot_interfaces'...
[9.212s] Compiling '/home/pranav/turtle_catcher/install/my_robot_interfaces/local/lib/python3.10/dist-packages/my_robot_interfaces/__init__.py'...
[9.212s] Listing '/home/pranav/turtle_catcher/install/my_robot_interfaces/local/lib/python3.10/dist-packages/my_robot_interfaces/msg'...
[9.212s] Compiling '/home/pranav/turtle_catcher/install/my_robot_interfaces/local/lib/python3.10/dist-packages/my_robot_interfaces/msg/__init__.py'...
[9.213s] Compiling '/home/pranav/turtle_catcher/install/my_robot_interfaces/local/lib/python3.10/dist-packages/my_robot_interfaces/msg/_hardware_status.py'...
[9.213s] Compiling '/home/pranav/turtle_catcher/install/my_robot_interfaces/local/lib/python3.10/dist-packages/my_robot_interfaces/msg/_led_state_array.py'...
[9.213s] Listing '/home/pranav/turtle_catcher/install/my_robot_interfaces/local/lib/python3.10/dist-packages/my_robot_interfaces/srv'...
[9.213s] Compiling '/home/pranav/turtle_catcher/install/my_robot_interfaces/local/lib/python3.10/dist-packages/my_robot_interfaces/srv/__init__.py'...
[9.213s] Compiling '/home/pranav/turtle_catcher/install/my_robot_interfaces/local/lib/python3.10/dist-packages/my_robot_interfaces/srv/_compute_rectangle_area.py'...
[9.213s] Compiling '/home/pranav/turtle_catcher/install/my_robot_interfaces/local/lib/python3.10/dist-packages/my_robot_interfaces/srv/_set_led.py'...
[9.220s] -- Installing: /home/pranav/turtle_catcher/install/my_robot_interfaces/lib/libmy_robot_interfaces__rosidl_generator_py.so
[9.220s] -- Set runtime path of "/home/pranav/turtle_catcher/install/my_robot_interfaces/lib/libmy_robot_interfaces__rosidl_generator_py.so" to ""
[9.221s] -- Installing: /home/pranav/turtle_catcher/install/my_robot_interfaces/share/my_robot_interfaces/cmake/export_my_robot_interfaces__rosidl_generator_cExport.cmake
[9.221s] -- Installing: /home/pranav/turtle_catcher/install/my_robot_interfaces/share/my_robot_interfaces/cmake/export_my_robot_interfaces__rosidl_generator_cExport-noconfig.cmake
[9.221s] -- Installing: /home/pranav/turtle_catcher/install/my_robot_interfaces/share/my_robot_interfaces/cmake/export_my_robot_interfaces__rosidl_typesupport_fastrtps_cExport.cmake
[9.221s] -- Installing: /home/pranav/turtle_catcher/install/my_robot_interfaces/share/my_robot_interfaces/cmake/export_my_robot_interfaces__rosidl_typesupport_fastrtps_cExport-noconfig.cmake
[9.222s] -- Installing: /home/pranav/turtle_catcher/install/my_robot_interfaces/share/my_robot_interfaces/cmake/my_robot_interfaces__rosidl_typesupport_introspection_cExport.cmake
[9.222s] -- Installing: /home/pranav/turtle_catcher/install/my_robot_interfaces/share/my_robot_interfaces/cmake/my_robot_interfaces__rosidl_typesupport_introspection_cExport-noconfig.cmake
[9.222s] -- Installing: /home/pranav/turtle_catcher/install/my_robot_interfaces/share/my_robot_interfaces/cmake/my_robot_interfaces__rosidl_typesupport_cExport.cmake
[9.223s] -- Installing: /home/pranav/turtle_catcher/install/my_robot_interfaces/share/my_robot_interfaces/cmake/my_robot_interfaces__rosidl_typesupport_cExport-noconfig.cmake
[9.223s] -- Installing: /home/pranav/turtle_catcher/install/my_robot_interfaces/share/my_robot_interfaces/cmake/export_my_robot_interfaces__rosidl_generator_cppExport.cmake
[9.223s] -- Installing: /home/pranav/turtle_catcher/install/my_robot_interfaces/share/my_robot_interfaces/cmake/export_my_robot_interfaces__rosidl_typesupport_fastrtps_cppExport.cmake
[9.224s] -- Installing: /home/pranav/turtle_catcher/install/my_robot_interfaces/share/my_robot_interfaces/cmake/export_my_robot_interfaces__rosidl_typesupport_fastrtps_cppExport-noconfig.cmake
[9.224s] -- Installing: /home/pranav/turtle_catcher/install/my_robot_interfaces/share/my_robot_interfaces/cmake/my_robot_interfaces__rosidl_typesupport_introspection_cppExport.cmake
[9.224s] -- Installing: /home/pranav/turtle_catcher/install/my_robot_interfaces/share/my_robot_interfaces/cmake/my_robot_interfaces__rosidl_typesupport_introspection_cppExport-noconfig.cmake
[9.225s] -- Installing: /home/pranav/turtle_catcher/install/my_robot_interfaces/share/my_robot_interfaces/cmake/my_robot_interfaces__rosidl_typesupport_cppExport.cmake
[9.225s] -- Installing: /home/pranav/turtle_catcher/install/my_robot_interfaces/share/my_robot_interfaces/cmake/my_robot_interfaces__rosidl_typesupport_cppExport-noconfig.cmake
[9.225s] -- Installing: /home/pranav/turtle_catcher/install/my_robot_interfaces/share/my_robot_interfaces/cmake/export_my_robot_interfaces__rosidl_generator_pyExport.cmake
[9.226s] -- Installing: /home/pranav/turtle_catcher/install/my_robot_interfaces/share/my_robot_interfaces/cmake/export_my_robot_interfaces__rosidl_generator_pyExport-noconfig.cmake
[9.241s] Invoked command in '/home/pranav/turtle_catcher/build/my_robot_interfaces' returned '0': CMAKE_PREFIX_PATH=${CMAKE_PREFIX_PATH}:/home/pranav/turtle_catcher/install/turtle_catcher:/home/pranav/ws/install/mypkg:/home/pranav/learning_ws/install/mypkg:/opt/ros/humble /usr/bin/cmake --install /home/pranav/turtle_catcher/build/my_robot_interfaces
