[0.020s] Invoking command in '/home/pranav/turtle_catcher/build/my_robot_bringup': CMAKE_PREFIX_PATH=${CMAKE_PREFIX_PATH}:/home/pranav/turtle_catcher/install/turtle_catcher:/home/pranav/ws/install/mypkg:/home/pranav/learning_ws/install/mypkg:/opt/ros/humble /usr/bin/cmake /home/pranav/turtle_catcher/src/my_robot_bringup -DCMAKE_INSTALL_PREFIX=/home/pranav/turtle_catcher/install/my_robot_bringup
[0.079s] -- The C compiler identification is GNU 11.4.0
[0.138s] -- The CXX compiler identification is GNU 11.4.0
[0.146s] -- Detecting C compiler ABI info
[0.220s] -- Detecting C compiler ABI info - done
[0.228s] -- Check for working C compiler: /usr/bin/cc - skipped
[0.228s] -- Detecting C compile features
[0.228s] -- Detecting C compile features - done
[0.232s] -- Detecting CXX compiler ABI info
[0.335s] -- Detecting CXX compiler ABI info - done
[0.341s] -- Check for working CXX compiler: /usr/bin/c++ - skipped
[0.342s] -- Detecting CXX compile features
[0.342s] -- Detecting CXX compile features - done
[0.348s] -- Found ament_cmake: 1.3.9 (/opt/ros/humble/share/ament_cmake/cmake)
[0.537s] -- Found Python3: /usr/bin/python3 (found version "3.10.12") found components: Interpreter 
[0.689s] -- Configuring done
[0.693s] -- Generating done
[0.695s] -- Build files have been written to: /home/pranav/turtle_catcher/build/my_robot_bringup
[0.700s] Invoked command in '/home/pranav/turtle_catcher/build/my_robot_bringup' returned '0': CMAKE_PREFIX_PATH=${CMAKE_PREFIX_PATH}:/home/pranav/turtle_catcher/install/turtle_catcher:/home/pranav/ws/install/mypkg:/home/pranav/learning_ws/install/mypkg:/opt/ros/humble /usr/bin/cmake /home/pranav/turtle_catcher/src/my_robot_bringup -DCMAKE_INSTALL_PREFIX=/home/pranav/turtle_catcher/install/my_robot_bringup
[0.702s] Invoking command in '/home/pranav/turtle_catcher/build/my_robot_bringup': CMAKE_PREFIX_PATH=${CMAKE_PREFIX_PATH}:/home/pranav/turtle_catcher/install/turtle_catcher:/home/pranav/ws/install/mypkg:/home/pranav/learning_ws/install/mypkg:/opt/ros/humble /usr/bin/cmake --build /home/pranav/turtle_catcher/build/my_robot_bringup -- -j4 -l4
[0.747s] Invoked command in '/home/pranav/turtle_catcher/build/my_robot_bringup' returned '0': CMAKE_PREFIX_PATH=${CMAKE_PREFIX_PATH}:/home/pranav/turtle_catcher/install/turtle_catcher:/home/pranav/ws/install/mypkg:/home/pranav/learning_ws/install/mypkg:/opt/ros/humble /usr/bin/cmake --build /home/pranav/turtle_catcher/build/my_robot_bringup -- -j4 -l4
[0.787s] Invoking command in '/home/pranav/turtle_catcher/build/my_robot_bringup': CMAKE_PREFIX_PATH=${CMAKE_PREFIX_PATH}:/home/pranav/turtle_catcher/install/turtle_catcher:/home/pranav/ws/install/mypkg:/home/pranav/learning_ws/install/mypkg:/opt/ros/humble /usr/bin/cmake --install /home/pranav/turtle_catcher/build/my_robot_bringup
[0.794s] -- Install configuration: ""
[0.794s] -- Installing: /home/pranav/turtle_catcher/install/my_robot_bringup/share/my_robot_bringup/launch
[0.795s] -- Installing: /home/pranav/turtle_catcher/install/my_robot_bringup/share/my_robot_bringup/launch/turtle_catcher.launch.py
[0.796s] -- Installing: /home/pranav/turtle_catcher/install/my_robot_bringup/share/ament_index/resource_index/package_run_dependencies/my_robot_bringup
[0.797s] -- Installing: /home/pranav/turtle_catcher/install/my_robot_bringup/share/ament_index/resource_index/parent_prefix_path/my_robot_bringup
[0.798s] -- Installing: /home/pranav/turtle_catcher/install/my_robot_bringup/share/my_robot_bringup/environment/ament_prefix_path.sh
[0.798s] -- Installing: /home/pranav/turtle_catcher/install/my_robot_bringup/share/my_robot_bringup/environment/ament_prefix_path.dsv
[0.799s] -- Installing: /home/pranav/turtle_catcher/install/my_robot_bringup/share/my_robot_bringup/environment/path.sh
[0.800s] -- Installing: /home/pranav/turtle_catcher/install/my_robot_bringup/share/my_robot_bringup/environment/path.dsv
[0.801s] -- Installing: /home/pranav/turtle_catcher/install/my_robot_bringup/share/my_robot_bringup/local_setup.bash
[0.803s] -- Installing: /home/pranav/turtle_catcher/install/my_robot_bringup/share/my_robot_bringup/local_setup.sh
[0.804s] -- Installing: /home/pranav/turtle_catcher/install/my_robot_bringup/share/my_robot_bringup/local_setup.zsh
[0.805s] -- Installing: /home/pranav/turtle_catcher/install/my_robot_bringup/share/my_robot_bringup/local_setup.dsv
[0.806s] -- Installing: /home/pranav/turtle_catcher/install/my_robot_bringup/share/my_robot_bringup/package.dsv
[0.807s] -- Installing: /home/pranav/turtle_catcher/install/my_robot_bringup/share/ament_index/resource_index/packages/my_robot_bringup
[0.809s] -- Installing: /home/pranav/turtle_catcher/install/my_robot_bringup/share/my_robot_bringup/cmake/my_robot_bringupConfig.cmake
[0.810s] -- Installing: /home/pranav/turtle_catcher/install/my_robot_bringup/share/my_robot_bringup/cmake/my_robot_bringupConfig-version.cmake
[0.812s] -- Installing: /home/pranav/turtle_catcher/install/my_robot_bringup/share/my_robot_bringup/package.xml
[0.813s] Invoked command in '/home/pranav/turtle_catcher/build/my_robot_bringup' returned '0': CMAKE_PREFIX_PATH=${CMAKE_PREFIX_PATH}:/home/pranav/turtle_catcher/install/turtle_catcher:/home/pranav/ws/install/mypkg:/home/pranav/learning_ws/install/mypkg:/opt/ros/humble /usr/bin/cmake --install /home/pranav/turtle_catcher/build/my_robot_bringup
